<html>
<head>
<title>TestNG:  Test</title>
<link href="../testng.css" rel="stylesheet" type="text/css" />
<link href="../my-testng.css" rel="stylesheet" type="text/css" />

<style type="text/css">
.log { display: none;} 
.stack-trace { display: none;} 
</style>
<script type="text/javascript">
<!--
function flip(e) {
  current = e.style.display;
  if (current == 'block') {
    e.style.display = 'none';
    return 0;
  }
  else {
    e.style.display = 'block';
    return 1;
  }
}

function toggleBox(szDivId, elem, msg1, msg2)
{
  var res = -1;  if (document.getElementById) {
    res = flip(document.getElementById(szDivId));
  }
  else if (document.all) {
    // this is the way old msie versions work
    res = flip(document.all[szDivId]);
  }
  if(elem) {
    if(res == 0) elem.innerHTML = msg1; else elem.innerHTML = msg2;
  }

}

function toggleAllBoxes() {
  if (document.getElementsByTagName) {
    d = document.getElementsByTagName('div');
    for (i = 0; i < d.length; i++) {
      if (d[i].className == 'log') {
        flip(d[i]);
      }
    }
  }
}

// -->
</script>

</head>
<body>
<h2 align='center'>Test</h2><table border='1' align="center">
<tr>
<td>Tests passed/Failed/Skipped:</td><td>25/2/0</td>
</tr><tr>
<td>Started on:</td><td>Tue Nov 10 13:06:10 GMT 2020</td>
</tr>
<tr><td>Total time:</td><td>358 seconds (358256 ms)</td>
</tr><tr>
<td>Included groups:</td><td></td>
</tr><tr>
<td>Excluded groups:</td><td></td>
</tr>
</table><p/>
<small><i>(Hover the method name to see the test class name)</i></small><p/>
<table width='100%' border='1' class='invocation-failed'>
<tr><td colspan='4' align='center'><b>FAILED TESTS</b></td></tr>
<tr><td><b>Test method</b></td>
<td width="30%"><b>Exception</b></td>
<td width="10%"><b>Time (seconds)</b></td>
<td><b>Instance</b></td>
</tr>
<tr>
<td title='com.crm.qa.testscases.ContactsPageTest.createNewContactsTest()'><b>createNewContactsTest</b><br>Test class: com.crm.qa.testscases.ContactsPageTest<br>Parameters: matt, girt, hose, google</td>
<td><div><pre>org.openqa.selenium.NoSuchElementException: no such element: Unable to locate element: {&quot;method&quot;:&quot;xpath&quot;,&quot;selector&quot;:&quot;//input[@name=&apos;first_name&apos;]&quot;}
  (Session info: chrome=86.0.4240.111)
For documentation on this error, please visit: http://seleniumhq.org/exceptions/no_such_element.html
Build info: version: &apos;3.14.0&apos;, revision: &apos;aacccce0&apos;, time: &apos;2018-08-02T20:19:58.91Z&apos;
System info: host: &apos;DESKTOP-BPNON4T&apos;, ip: &apos;192.168.0.28&apos;, os.name: &apos;Windows 10&apos;, os.arch: &apos;amd64&apos;, os.version: &apos;10.0&apos;, java.version: &apos;1.8.0_241&apos;
Driver info: org.openqa.selenium.chrome.ChromeDriver
Capabilities {acceptInsecureCerts: false, browserName: chrome, browserVersion: 86.0.4240.111, chrome: {chromedriverVersion: 85.0.4183.87 (cd6713ebf92fa..., userDataDir: C:\Users\hetal\AppData\Loca...}, goog:chromeOptions: {debuggerAddress: localhost:51441}, javascriptEnabled: true, networkConnectionEnabled: false, pageLoadStrategy: normal, platform: WINDOWS, platformName: WINDOWS, proxy: Proxy(), setWindowRect: true, strictFileInteractability: false, timeouts: {implicit: 0, pageLoad: 300000, script: 30000}, unhandledPromptBehavior: dismiss and notify, webauthn:virtualAuthenticators: true}
Session ID: 956ada904f5e77bf9f47e6e8b5277bae
*** Element info: {Using=xpath, value=//input[@name=&apos;first_name&apos;]}
	at org.openqa.selenium.remote.http.W3CHttpResponseCodec.createException(W3CHttpResponseCodec.java:187)
	at org.openqa.selenium.remote.http.W3CHttpResponseCodec.decode(W3CHttpResponseCodec.java:122)
	at org.openqa.selenium.remote.http.W3CHttpResponseCodec.decode(W3CHttpResponseCodec.java:49)
	at org.openqa.selenium.remote.HttpCommandExecutor.execute(HttpCommandExecutor.java:158)
	at org.openqa.selenium.remote.service.DriverCommandExecutor.execute(DriverCommandExecutor.java:83)
	at org.openqa.selenium.remote.RemoteWebDriver.execute(RemoteWebDriver.java:548)
	at org.openqa.selenium.remote.RemoteWebDriver.findElement(RemoteWebDriver.java:322)
	at org.openqa.selenium.remote.RemoteWebDriver.findElementByXPath(RemoteWebDriver.java:424)
	at org.openqa.selenium.By$ByXPath.findElement(By.java:353)
	at org.openqa.selenium.remote.RemoteWebDriver.findElement(RemoteWebDriver.java:314)
	at org.openqa.selenium.support.events.EventFiringWebDriver.lambda$new$1(EventFiringWebDriver.java:105)
	at com.sun.proxy.$Proxy8.findElement(Unknown Source)
	at org.openqa.selenium.support.events.EventFiringWebDriver.findElement(EventFiringWebDriver.java:194)
	at org.openqa.selenium.support.pagefactory.DefaultElementLocator.findElement(DefaultElementLocator.java:69)
	at org.openqa.selenium.support.pagefactory.internal.LocatingElementHandler.invoke(LocatingElementHandler.java:38)
	at com.sun.proxy.$Proxy12.sendKeys(Unknown Source)
	at com.crm.qa.pages.ContactsPage.createContacts(ContactsPage.java:113)
	at com.crm.qa.testscases.ContactsPageTest.createNewContactsTest(ContactsPageTest.java:67)
	at java.util.concurrent.ThreadPoolExecutor.runWorker(ThreadPoolExecutor.java:1149)
	at java.util.concurrent.ThreadPoolExecutor$Worker.run(ThreadPoolExecutor.java:624)
	at java.lang.Thread.run(Thread.java:748)
... Removed 17 stack frames</pre></div><a href='#' onClick='toggleBox("stack-trace219956213", this, "Click to show all stack frames", "Click to hide stack frames")'>Click to show all stack frames</a>
<div class='stack-trace' id='stack-trace219956213'><pre>org.openqa.selenium.NoSuchElementException: no such element: Unable to locate element: {&quot;method&quot;:&quot;xpath&quot;,&quot;selector&quot;:&quot;//input[@name=&apos;first_name&apos;]&quot;}
  (Session info: chrome=86.0.4240.111)
For documentation on this error, please visit: http://seleniumhq.org/exceptions/no_such_element.html
Build info: version: &apos;3.14.0&apos;, revision: &apos;aacccce0&apos;, time: &apos;2018-08-02T20:19:58.91Z&apos;
System info: host: &apos;DESKTOP-BPNON4T&apos;, ip: &apos;192.168.0.28&apos;, os.name: &apos;Windows 10&apos;, os.arch: &apos;amd64&apos;, os.version: &apos;10.0&apos;, java.version: &apos;1.8.0_241&apos;
Driver info: org.openqa.selenium.chrome.ChromeDriver
Capabilities {acceptInsecureCerts: false, browserName: chrome, browserVersion: 86.0.4240.111, chrome: {chromedriverVersion: 85.0.4183.87 (cd6713ebf92fa..., userDataDir: C:\Users\hetal\AppData\Loca...}, goog:chromeOptions: {debuggerAddress: localhost:51441}, javascriptEnabled: true, networkConnectionEnabled: false, pageLoadStrategy: normal, platform: WINDOWS, platformName: WINDOWS, proxy: Proxy(), setWindowRect: true, strictFileInteractability: false, timeouts: {implicit: 0, pageLoad: 300000, script: 30000}, unhandledPromptBehavior: dismiss and notify, webauthn:virtualAuthenticators: true}
Session ID: 956ada904f5e77bf9f47e6e8b5277bae
*** Element info: {Using=xpath, value=//input[@name=&apos;first_name&apos;]}
	at sun.reflect.NativeConstructorAccessorImpl.newInstance0(Native Method)
	at sun.reflect.NativeConstructorAccessorImpl.newInstance(NativeConstructorAccessorImpl.java:62)
	at sun.reflect.DelegatingConstructorAccessorImpl.newInstance(DelegatingConstructorAccessorImpl.java:45)
	at java.lang.reflect.Constructor.newInstance(Constructor.java:423)
	at org.openqa.selenium.remote.http.W3CHttpResponseCodec.createException(W3CHttpResponseCodec.java:187)
	at org.openqa.selenium.remote.http.W3CHttpResponseCodec.decode(W3CHttpResponseCodec.java:122)
	at org.openqa.selenium.remote.http.W3CHttpResponseCodec.decode(W3CHttpResponseCodec.java:49)
	at org.openqa.selenium.remote.HttpCommandExecutor.execute(HttpCommandExecutor.java:158)
	at org.openqa.selenium.remote.service.DriverCommandExecutor.execute(DriverCommandExecutor.java:83)
	at org.openqa.selenium.remote.RemoteWebDriver.execute(RemoteWebDriver.java:548)
	at org.openqa.selenium.remote.RemoteWebDriver.findElement(RemoteWebDriver.java:322)
	at org.openqa.selenium.remote.RemoteWebDriver.findElementByXPath(RemoteWebDriver.java:424)
	at org.openqa.selenium.By$ByXPath.findElement(By.java:353)
	at org.openqa.selenium.remote.RemoteWebDriver.findElement(RemoteWebDriver.java:314)
	at sun.reflect.GeneratedMethodAccessor2.invoke(Unknown Source)
	at sun.reflect.DelegatingMethodAccessorImpl.invoke(DelegatingMethodAccessorImpl.java:43)
	at java.lang.reflect.Method.invoke(Method.java:498)
	at org.openqa.selenium.support.events.EventFiringWebDriver.lambda$new$1(EventFiringWebDriver.java:105)
	at com.sun.proxy.$Proxy8.findElement(Unknown Source)
	at org.openqa.selenium.support.events.EventFiringWebDriver.findElement(EventFiringWebDriver.java:194)
	at org.openqa.selenium.support.pagefactory.DefaultElementLocator.findElement(DefaultElementLocator.java:69)
	at org.openqa.selenium.support.pagefactory.internal.LocatingElementHandler.invoke(LocatingElementHandler.java:38)
	at com.sun.proxy.$Proxy12.sendKeys(Unknown Source)
	at com.crm.qa.pages.ContactsPage.createContacts(ContactsPage.java:113)
	at com.crm.qa.testscases.ContactsPageTest.createNewContactsTest(ContactsPageTest.java:67)
	at sun.reflect.NativeMethodAccessorImpl.invoke0(Native Method)
	at sun.reflect.NativeMethodAccessorImpl.invoke(NativeMethodAccessorImpl.java:62)
	at sun.reflect.DelegatingMethodAccessorImpl.invoke(DelegatingMethodAccessorImpl.java:43)
	at java.lang.reflect.Method.invoke(Method.java:498)
	at org.testng.internal.MethodInvocationHelper.invokeMethod(MethodInvocationHelper.java:108)
	at org.testng.internal.Invoker.invokeMethod(Invoker.java:661)
	at org.testng.internal.Invoker.invokeTestMethod(Invoker.java:869)
	at org.testng.internal.Invoker.invokeTestMethods(Invoker.java:1193)
	at org.testng.internal.TestMethodWorker.invokeTestMethods(TestMethodWorker.java:126)
	at org.testng.internal.TestMethodWorker.run(TestMethodWorker.java:109)
	at java.util.concurrent.ThreadPoolExecutor.runWorker(ThreadPoolExecutor.java:1149)
	at java.util.concurrent.ThreadPoolExecutor$Worker.run(ThreadPoolExecutor.java:624)
	at java.lang.Thread.run(Thread.java:748)
</pre></div></td>
<td>20</td>
<td>com.crm.qa.testscases.ContactsPageTest@31a5c39e</td></tr>
<tr>
<td title='com.crm.qa.testscases.ContactsPageTest.createNewContactsTest()'><b>createNewContactsTest</b><br>Test class: com.crm.qa.testscases.ContactsPageTest<br>Parameters: colin, munn, robin, amazone</td>
<td><div><pre>org.openqa.selenium.NoSuchElementException: no such element: Unable to locate element: {&quot;method&quot;:&quot;xpath&quot;,&quot;selector&quot;:&quot;//input[@name=&apos;first_name&apos;]&quot;}
  (Session info: chrome=86.0.4240.111)
For documentation on this error, please visit: http://seleniumhq.org/exceptions/no_such_element.html
Build info: version: &apos;3.14.0&apos;, revision: &apos;aacccce0&apos;, time: &apos;2018-08-02T20:19:58.91Z&apos;
System info: host: &apos;DESKTOP-BPNON4T&apos;, ip: &apos;192.168.0.28&apos;, os.name: &apos;Windows 10&apos;, os.arch: &apos;amd64&apos;, os.version: &apos;10.0&apos;, java.version: &apos;1.8.0_241&apos;
Driver info: org.openqa.selenium.chrome.ChromeDriver
Capabilities {acceptInsecureCerts: false, browserName: chrome, browserVersion: 86.0.4240.111, chrome: {chromedriverVersion: 85.0.4183.87 (cd6713ebf92fa..., userDataDir: C:\Users\hetal\AppData\Loca...}, goog:chromeOptions: {debuggerAddress: localhost:51474}, javascriptEnabled: true, networkConnectionEnabled: false, pageLoadStrategy: normal, platform: WINDOWS, platformName: WINDOWS, proxy: Proxy(), setWindowRect: true, strictFileInteractability: false, timeouts: {implicit: 0, pageLoad: 300000, script: 30000}, unhandledPromptBehavior: dismiss and notify, webauthn:virtualAuthenticators: true}
Session ID: 9db2a7cae76841786a98562d235cc35d
*** Element info: {Using=xpath, value=//input[@name=&apos;first_name&apos;]}
	at org.openqa.selenium.remote.http.W3CHttpResponseCodec.createException(W3CHttpResponseCodec.java:187)
	at org.openqa.selenium.remote.http.W3CHttpResponseCodec.decode(W3CHttpResponseCodec.java:122)
	at org.openqa.selenium.remote.http.W3CHttpResponseCodec.decode(W3CHttpResponseCodec.java:49)
	at org.openqa.selenium.remote.HttpCommandExecutor.execute(HttpCommandExecutor.java:158)
	at org.openqa.selenium.remote.service.DriverCommandExecutor.execute(DriverCommandExecutor.java:83)
	at org.openqa.selenium.remote.RemoteWebDriver.execute(RemoteWebDriver.java:548)
	at org.openqa.selenium.remote.RemoteWebDriver.findElement(RemoteWebDriver.java:322)
	at org.openqa.selenium.remote.RemoteWebDriver.findElementByXPath(RemoteWebDriver.java:424)
	at org.openqa.selenium.By$ByXPath.findElement(By.java:353)
	at org.openqa.selenium.remote.RemoteWebDriver.findElement(RemoteWebDriver.java:314)
	at org.openqa.selenium.support.events.EventFiringWebDriver.lambda$new$1(EventFiringWebDriver.java:105)
	at com.sun.proxy.$Proxy8.findElement(Unknown Source)
	at org.openqa.selenium.support.events.EventFiringWebDriver.findElement(EventFiringWebDriver.java:194)
	at org.openqa.selenium.support.pagefactory.DefaultElementLocator.findElement(DefaultElementLocator.java:69)
	at org.openqa.selenium.support.pagefactory.internal.LocatingElementHandler.invoke(LocatingElementHandler.java:38)
	at com.sun.proxy.$Proxy12.sendKeys(Unknown Source)
	at com.crm.qa.pages.ContactsPage.createContacts(ContactsPage.java:113)
	at com.crm.qa.testscases.ContactsPageTest.createNewContactsTest(ContactsPageTest.java:67)
	at java.util.concurrent.ThreadPoolExecutor.runWorker(ThreadPoolExecutor.java:1149)
	at java.util.concurrent.ThreadPoolExecutor$Worker.run(ThreadPoolExecutor.java:624)
	at java.lang.Thread.run(Thread.java:748)
... Removed 17 stack frames</pre></div><a href='#' onClick='toggleBox("stack-trace943517419", this, "Click to show all stack frames", "Click to hide stack frames")'>Click to show all stack frames</a>
<div class='stack-trace' id='stack-trace943517419'><pre>org.openqa.selenium.NoSuchElementException: no such element: Unable to locate element: {&quot;method&quot;:&quot;xpath&quot;,&quot;selector&quot;:&quot;//input[@name=&apos;first_name&apos;]&quot;}
  (Session info: chrome=86.0.4240.111)
For documentation on this error, please visit: http://seleniumhq.org/exceptions/no_such_element.html
Build info: version: &apos;3.14.0&apos;, revision: &apos;aacccce0&apos;, time: &apos;2018-08-02T20:19:58.91Z&apos;
System info: host: &apos;DESKTOP-BPNON4T&apos;, ip: &apos;192.168.0.28&apos;, os.name: &apos;Windows 10&apos;, os.arch: &apos;amd64&apos;, os.version: &apos;10.0&apos;, java.version: &apos;1.8.0_241&apos;
Driver info: org.openqa.selenium.chrome.ChromeDriver
Capabilities {acceptInsecureCerts: false, browserName: chrome, browserVersion: 86.0.4240.111, chrome: {chromedriverVersion: 85.0.4183.87 (cd6713ebf92fa..., userDataDir: C:\Users\hetal\AppData\Loca...}, goog:chromeOptions: {debuggerAddress: localhost:51474}, javascriptEnabled: true, networkConnectionEnabled: false, pageLoadStrategy: normal, platform: WINDOWS, platformName: WINDOWS, proxy: Proxy(), setWindowRect: true, strictFileInteractability: false, timeouts: {implicit: 0, pageLoad: 300000, script: 30000}, unhandledPromptBehavior: dismiss and notify, webauthn:virtualAuthenticators: true}
Session ID: 9db2a7cae76841786a98562d235cc35d
*** Element info: {Using=xpath, value=//input[@name=&apos;first_name&apos;]}
	at sun.reflect.NativeConstructorAccessorImpl.newInstance0(Native Method)
	at sun.reflect.NativeConstructorAccessorImpl.newInstance(NativeConstructorAccessorImpl.java:62)
	at sun.reflect.DelegatingConstructorAccessorImpl.newInstance(DelegatingConstructorAccessorImpl.java:45)
	at java.lang.reflect.Constructor.newInstance(Constructor.java:423)
	at org.openqa.selenium.remote.http.W3CHttpResponseCodec.createException(W3CHttpResponseCodec.java:187)
	at org.openqa.selenium.remote.http.W3CHttpResponseCodec.decode(W3CHttpResponseCodec.java:122)
	at org.openqa.selenium.remote.http.W3CHttpResponseCodec.decode(W3CHttpResponseCodec.java:49)
	at org.openqa.selenium.remote.HttpCommandExecutor.execute(HttpCommandExecutor.java:158)
	at org.openqa.selenium.remote.service.DriverCommandExecutor.execute(DriverCommandExecutor.java:83)
	at org.openqa.selenium.remote.RemoteWebDriver.execute(RemoteWebDriver.java:548)
	at org.openqa.selenium.remote.RemoteWebDriver.findElement(RemoteWebDriver.java:322)
	at org.openqa.selenium.remote.RemoteWebDriver.findElementByXPath(RemoteWebDriver.java:424)
	at org.openqa.selenium.By$ByXPath.findElement(By.java:353)
	at org.openqa.selenium.remote.RemoteWebDriver.findElement(RemoteWebDriver.java:314)
	at sun.reflect.GeneratedMethodAccessor2.invoke(Unknown Source)
	at sun.reflect.DelegatingMethodAccessorImpl.invoke(DelegatingMethodAccessorImpl.java:43)
	at java.lang.reflect.Method.invoke(Method.java:498)
	at org.openqa.selenium.support.events.EventFiringWebDriver.lambda$new$1(EventFiringWebDriver.java:105)
	at com.sun.proxy.$Proxy8.findElement(Unknown Source)
	at org.openqa.selenium.support.events.EventFiringWebDriver.findElement(EventFiringWebDriver.java:194)
	at org.openqa.selenium.support.pagefactory.DefaultElementLocator.findElement(DefaultElementLocator.java:69)
	at org.openqa.selenium.support.pagefactory.internal.LocatingElementHandler.invoke(LocatingElementHandler.java:38)
	at com.sun.proxy.$Proxy12.sendKeys(Unknown Source)
	at com.crm.qa.pages.ContactsPage.createContacts(ContactsPage.java:113)
	at com.crm.qa.testscases.ContactsPageTest.createNewContactsTest(ContactsPageTest.java:67)
	at sun.reflect.NativeMethodAccessorImpl.invoke0(Native Method)
	at sun.reflect.NativeMethodAccessorImpl.invoke(NativeMethodAccessorImpl.java:62)
	at sun.reflect.DelegatingMethodAccessorImpl.invoke(DelegatingMethodAccessorImpl.java:43)
	at java.lang.reflect.Method.invoke(Method.java:498)
	at org.testng.internal.MethodInvocationHelper.invokeMethod(MethodInvocationHelper.java:108)
	at org.testng.internal.Invoker.invokeMethod(Invoker.java:661)
	at org.testng.internal.Invoker.invokeTestMethod(Invoker.java:869)
	at org.testng.internal.Invoker.invokeTestMethods(Invoker.java:1193)
	at org.testng.internal.TestMethodWorker.invokeTestMethods(TestMethodWorker.java:126)
	at org.testng.internal.TestMethodWorker.run(TestMethodWorker.java:109)
	at java.util.concurrent.ThreadPoolExecutor.runWorker(ThreadPoolExecutor.java:1149)
	at java.util.concurrent.ThreadPoolExecutor$Worker.run(ThreadPoolExecutor.java:624)
	at java.lang.Thread.run(Thread.java:748)
</pre></div></td>
<td>20</td>
<td>com.crm.qa.testscases.ContactsPageTest@31a5c39e</td></tr>
</table><p>
<table width='100%' border='1' class='invocation-passed'>
<tr><td colspan='4' align='center'><b>PASSED TESTS</b></td></tr>
<tr><td><b>Test method</b></td>
<td width="30%"><b>Exception</b></td>
<td width="10%"><b>Time (seconds)</b></td>
<td><b>Instance</b></td>
</tr>
<tr>
<td title='com.crm.qa.testscases.LoginPageTest.SignUpPageTest()'><b>SignUpPageTest</b><br>Test class: com.crm.qa.testscases.LoginPageTest</td>
<td></td>
<td>2</td>
<td>com.crm.qa.testscases.LoginPageTest@3f49dace</td></tr>
<tr>
<td title='com.crm.qa.testscases.CompaniesPageTest.actionLabelCheckTest()'><b>actionLabelCheckTest</b><br>Test class: com.crm.qa.testscases.CompaniesPageTest</td>
<td></td>
<td>0</td>
<td>com.crm.qa.testscases.CompaniesPageTest@27c20538</td></tr>
<tr>
<td title='com.crm.qa.testscases.HomePageTest.clickOnCallsLinkTest()'><b>clickOnCallsLinkTest</b><br>Test class: com.crm.qa.testscases.HomePageTest</td>
<td></td>
<td>0</td>
<td>com.crm.qa.testscases.HomePageTest@5f2108b5</td></tr>
<tr>
<td title='com.crm.qa.testscases.HomePageTest.clickOnCampaignLinkPageTest()'><b>clickOnCampaignLinkPageTest</b><br>Test class: com.crm.qa.testscases.HomePageTest</td>
<td></td>
<td>0</td>
<td>com.crm.qa.testscases.HomePageTest@5f2108b5</td></tr>
<tr>
<td title='com.crm.qa.testscases.HomePageTest.clickOnCasesLinkTest()'><b>clickOnCasesLinkTest</b><br>Test class: com.crm.qa.testscases.HomePageTest</td>
<td></td>
<td>0</td>
<td>com.crm.qa.testscases.HomePageTest@5f2108b5</td></tr>
<tr>
<td title='com.crm.qa.testscases.DealsPageTest.clickOnCheckBoxTest()'><b>clickOnCheckBoxTest</b><br>Test class: com.crm.qa.testscases.DealsPageTest</td>
<td></td>
<td>0</td>
<td>com.crm.qa.testscases.DealsPageTest@1e397ed7</td></tr>
<tr>
<td title='com.crm.qa.testscases.HomePageTest.clickOnCompniesLinkTest()'><b>clickOnCompniesLinkTest</b><br>Test class: com.crm.qa.testscases.HomePageTest</td>
<td></td>
<td>0</td>
<td>com.crm.qa.testscases.HomePageTest@5f2108b5</td></tr>
<tr>
<td title='com.crm.qa.testscases.HomePageTest.clickOnContactsLinkTest()'><b>clickOnContactsLinkTest</b><br>Test class: com.crm.qa.testscases.HomePageTest</td>
<td></td>
<td>2</td>
<td>com.crm.qa.testscases.HomePageTest@5f2108b5</td></tr>
<tr>
<td title='com.crm.qa.testscases.HomePageTest.clickOnDealsLinkTest()'><b>clickOnDealsLinkTest</b><br>Test class: com.crm.qa.testscases.HomePageTest</td>
<td></td>
<td>0</td>
<td>com.crm.qa.testscases.HomePageTest@5f2108b5</td></tr>
<tr>
<td title='com.crm.qa.testscases.HomePageTest.clickOnDocumentsLinkPageTest()'><b>clickOnDocumentsLinkPageTest</b><br>Test class: com.crm.qa.testscases.HomePageTest</td>
<td></td>
<td>0</td>
<td>com.crm.qa.testscases.HomePageTest@5f2108b5</td></tr>
<tr>
<td title='com.crm.qa.testscases.HomePageTest.clickOnEmailLinkPageTest()'><b>clickOnEmailLinkPageTest</b><br>Test class: com.crm.qa.testscases.HomePageTest</td>
<td></td>
<td>0</td>
<td>com.crm.qa.testscases.HomePageTest@5f2108b5</td></tr>
<tr>
<td title='com.crm.qa.testscases.HomePageTest.clickOnFormsPageLinkTest()'><b>clickOnFormsPageLinkTest</b><br>Test class: com.crm.qa.testscases.HomePageTest</td>
<td></td>
<td>0</td>
<td>com.crm.qa.testscases.HomePageTest@5f2108b5</td></tr>
<tr>
<td title='com.crm.qa.testscases.CampaignsPageTest.clickOnNewLinkTest()'><b>clickOnNewLinkTest</b><br>Test class: com.crm.qa.testscases.CampaignsPageTest</td>
<td></td>
<td>0</td>
<td>com.crm.qa.testscases.CampaignsPageTest@490ab905</td></tr>
<tr>
<td title='com.crm.qa.testscases.HomePageTest.clickOnTasksLinkTest()'><b>clickOnTasksLinkTest</b><br>Test class: com.crm.qa.testscases.HomePageTest</td>
<td></td>
<td>0</td>
<td>com.crm.qa.testscases.HomePageTest@5f2108b5</td></tr>
<tr>
<td title='com.crm.qa.testscases.LoginPageTest.correctUserNameAndCorrectPasswordloginPageTest()'><b>correctUserNameAndCorrectPasswordloginPageTest</b><br>Test class: com.crm.qa.testscases.LoginPageTest</td>
<td></td>
<td>1</td>
<td>com.crm.qa.testscases.LoginPageTest@3f49dace</td></tr>
<tr>
<td title='com.crm.qa.testscases.ContactsPageTest.createNewContactsTest()'><b>createNewContactsTest</b><br>Test class: com.crm.qa.testscases.ContactsPageTest<br>Parameters: mattew, hayden, Dominic, Channel 9</td>
<td></td>
<td>2</td>
<td>com.crm.qa.testscases.ContactsPageTest@31a5c39e</td></tr>
<tr>
<td title='com.crm.qa.testscases.LoginPageTest.incorrectPasswordloginPageTest()'><b>incorrectPasswordloginPageTest</b><br>Test class: com.crm.qa.testscases.LoginPageTest</td>
<td></td>
<td>0</td>
<td>com.crm.qa.testscases.LoginPageTest@3f49dace</td></tr>
<tr>
<td title='com.crm.qa.testscases.LoginPageTest.incorrectUserNameloginTest()'><b>incorrectUserNameloginTest</b><br>Test class: com.crm.qa.testscases.LoginPageTest</td>
<td></td>
<td>0</td>
<td>com.crm.qa.testscases.LoginPageTest@3f49dace</td></tr>
<tr>
<td title='com.crm.qa.testscases.LoginPageTest.loginPageTitleTest()'><b>loginPageTitleTest</b><br>Test class: com.crm.qa.testscases.LoginPageTest</td>
<td></td>
<td>0</td>
<td>com.crm.qa.testscases.LoginPageTest@3f49dace</td></tr>
<tr>
<td title='com.crm.qa.testscases.ContactsPageTest.selectContactDipakTest()'><b>selectContactDipakTest</b><br>Test class: com.crm.qa.testscases.ContactsPageTest</td>
<td></td>
<td>0</td>
<td>com.crm.qa.testscases.ContactsPageTest@31a5c39e</td></tr>
<tr>
<td title='com.crm.qa.testscases.ContactsPageTest.selectContactManishTest()'><b>selectContactManishTest</b><br>Test class: com.crm.qa.testscases.ContactsPageTest</td>
<td></td>
<td>0</td>
<td>com.crm.qa.testscases.ContactsPageTest@31a5c39e</td></tr>
<tr>
<td title='com.crm.qa.testscases.DealsPageTest.selectDeleteTest()'><b>selectDeleteTest</b><br>Test class: com.crm.qa.testscases.DealsPageTest</td>
<td></td>
<td>0</td>
<td>com.crm.qa.testscases.DealsPageTest@1e397ed7</td></tr>
<tr>
<td title='com.crm.qa.testscases.CompaniesPageTest.selectDeleteTest()'><b>selectDeleteTest</b><br>Test class: com.crm.qa.testscases.CompaniesPageTest</td>
<td></td>
<td>0</td>
<td>com.crm.qa.testscases.CompaniesPageTest@27c20538</td></tr>
<tr>
<td title='com.crm.qa.testscases.CalenderPageTest.selectMonthOnCalenderTest()'><b>selectMonthOnCalenderTest</b><br>Test class: com.crm.qa.testscases.CalenderPageTest</td>
<td></td>
<td>0</td>
<td>com.crm.qa.testscases.CalenderPageTest@56ac3a89</td></tr>
<tr>
<td title='com.crm.qa.testscases.CompaniesPageTest.selectNameCheckBoxTest()'><b>selectNameCheckBoxTest</b><br>Test class: com.crm.qa.testscases.CompaniesPageTest</td>
<td></td>
<td>0</td>
<td>com.crm.qa.testscases.CompaniesPageTest@27c20538</td></tr>
</table><p>
</body>
</html>