<?xml version="1.0" encoding="UTF-8"?>
<!-- Generated by org.testng.reporters.JUnitXMLReporter -->
<testsuite hostname="DESKTOP-BPNON4T" ignored="1" name="Test" tests="25" failures="1" timestamp="06 Oct 2020 11:40:31 GMT" time="308.453" errors="0">
  <testcase name="clickOnNewLinkTest" time="0.174" classname="com.crm.qa.testscases.CampaignsPageTest"/>
  <testcase name="createNewContactsTest" time="2.1" classname="com.crm.qa.testscases.ContactsPageTest"/>
  <testcase name="createNewContactsTest" time="2.144" classname="com.crm.qa.testscases.ContactsPageTest"/>
  <testcase name="createNewContactsTest" time="2.618" classname="com.crm.qa.testscases.ContactsPageTest"/>
  <testcase name="loginPageTitleTest" time="0.013" classname="com.crm.qa.testscases.LoginPageTest"/>
  <testcase name="clickOnCheckBoxTest" time="0.126" classname="com.crm.qa.testscases.DealsPageTest"/>
  <testcase name="selectMonthOnCalenderTest" time="20.823" classname="com.crm.qa.testscases.CalenderPageTest">
    <failure type="org.openqa.selenium.NoSuchElementException" message="no such element: Unable to locate element: {&amp;quot;method&amp;quot;:&amp;quot;xpath&amp;quot;,&amp;quot;selector&amp;quot;:&amp;quot;//span[@class=&amp;apos;rbc-toolbar-label&amp;apos;][text()=&amp;apos;0002 Oct 02&amp;apos;]&amp;quot;}
  (Session info: chrome=85.0.4183.121)
For documentation on this error, please visit: http://seleniumhq.org/exceptions/no_such_element.html
Build info: version: &amp;apos;3.14.0&amp;apos;, revision: &amp;apos;aacccce0&amp;apos;, time: &amp;apos;2018-08-02T20:19:58.91Z&amp;apos;
System info: host: &amp;apos;DESKTOP-BPNON4T&amp;apos;, ip: &amp;apos;192.168.0.28&amp;apos;, os.name: &amp;apos;Windows 10&amp;apos;, os.arch: &amp;apos;amd64&amp;apos;, os.version: &amp;apos;10.0&amp;apos;, java.version: &amp;apos;1.8.0_241&amp;apos;
Driver info: org.openqa.selenium.chrome.ChromeDriver
Capabilities {acceptInsecureCerts: false, browserName: chrome, browserVersion: 85.0.4183.121, chrome: {chromedriverVersion: 85.0.4183.87 (cd6713ebf92fa..., userDataDir: C:\Users\hetal\AppData\Loca...}, goog:chromeOptions: {debuggerAddress: localhost:54842}, javascriptEnabled: true, networkConnectionEnabled: false, pageLoadStrategy: normal, platform: WINDOWS, platformName: WINDOWS, proxy: Proxy(), setWindowRect: true, strictFileInteractability: false, timeouts: {implicit: 0, pageLoad: 300000, script: 30000}, unhandledPromptBehavior: dismiss and notify, webauthn:virtualAuthenticators: true}
Session ID: ca5803f35766b576a3249e8f829e6993
*** Element info: {Using=xpath, value=//span[@class=&amp;apos;rbc-toolbar-label&amp;apos;][text()=&amp;apos;0002 Oct 02&amp;apos;]}">
      <![CDATA[org.openqa.selenium.NoSuchElementException: no such element: Unable to locate element: {"method":"xpath","selector":"//span[@class='rbc-toolbar-label'][text()='0002 Oct 02']"}
  (Session info: chrome=85.0.4183.121)
For documentation on this error, please visit: http://seleniumhq.org/exceptions/no_such_element.html
Build info: version: '3.14.0', revision: 'aacccce0', time: '2018-08-02T20:19:58.91Z'
System info: host: 'DESKTOP-BPNON4T', ip: '192.168.0.28', os.name: 'Windows 10', os.arch: 'amd64', os.version: '10.0', java.version: '1.8.0_241'
Driver info: org.openqa.selenium.chrome.ChromeDriver
Capabilities {acceptInsecureCerts: false, browserName: chrome, browserVersion: 85.0.4183.121, chrome: {chromedriverVersion: 85.0.4183.87 (cd6713ebf92fa..., userDataDir: C:\Users\hetal\AppData\Loca...}, goog:chromeOptions: {debuggerAddress: localhost:54842}, javascriptEnabled: true, networkConnectionEnabled: false, pageLoadStrategy: normal, platform: WINDOWS, platformName: WINDOWS, proxy: Proxy(), setWindowRect: true, strictFileInteractability: false, timeouts: {implicit: 0, pageLoad: 300000, script: 30000}, unhandledPromptBehavior: dismiss and notify, webauthn:virtualAuthenticators: true}
Session ID: ca5803f35766b576a3249e8f829e6993
*** Element info: {Using=xpath, value=//span[@class='rbc-toolbar-label'][text()='0002 Oct 02']}
	at org.openqa.selenium.remote.http.W3CHttpResponseCodec.createException(W3CHttpResponseCodec.java:187)
	at org.openqa.selenium.remote.http.W3CHttpResponseCodec.decode(W3CHttpResponseCodec.java:122)
	at org.openqa.selenium.remote.http.W3CHttpResponseCodec.decode(W3CHttpResponseCodec.java:49)
	at org.openqa.selenium.remote.HttpCommandExecutor.execute(HttpCommandExecutor.java:158)
	at org.openqa.selenium.remote.service.DriverCommandExecutor.execute(DriverCommandExecutor.java:83)
	at org.openqa.selenium.remote.RemoteWebDriver.execute(RemoteWebDriver.java:548)
	at org.openqa.selenium.remote.RemoteWebDriver.findElement(RemoteWebDriver.java:322)
	at org.openqa.selenium.remote.RemoteWebDriver.findElementByXPath(RemoteWebDriver.java:424)
	at org.openqa.selenium.By$ByXPath.findElement(By.java:353)
	at org.openqa.selenium.remote.RemoteWebDriver.findElement(RemoteWebDriver.java:314)
	at org.openqa.selenium.support.events.EventFiringWebDriver.lambda$new$1(EventFiringWebDriver.java:105)
	at com.sun.proxy.$Proxy8.findElement(Unknown Source)
	at org.openqa.selenium.support.events.EventFiringWebDriver.findElement(EventFiringWebDriver.java:194)
	at org.openqa.selenium.support.pagefactory.DefaultElementLocator.findElement(DefaultElementLocator.java:69)
	at org.openqa.selenium.support.pagefactory.internal.LocatingElementHandler.invoke(LocatingElementHandler.java:38)
	at com.sun.proxy.$Proxy12.isEnabled(Unknown Source)
	at com.crm.qa.pages.CalenderPage.selectMonthOnCalender(CalenderPage.java:38)
	at com.crm.qa.testscases.CalenderPageTest.selectMonthOnCalenderTest(CalenderPageTest.java:37)
	at java.util.concurrent.ThreadPoolExecutor.runWorker(ThreadPoolExecutor.java:1149)
	at java.util.concurrent.ThreadPoolExecutor$Worker.run(ThreadPoolExecutor.java:624)
	at java.lang.Thread.run(Thread.java:748)
... Removed 17 stack frames]]>
    </failure>
  </testcase> <!-- selectMonthOnCalenderTest -->
  <testcase name="selectNameCheckBoxTest" time="0.814" classname="com.crm.qa.testscases.CompaniesPageTest"/>
  <testcase name="clickOnContactsLinkTest" time="2.319" classname="com.crm.qa.testscases.HomePageTest"/>
  <testcase name="correctUserNameAndCorrectPasswordloginPageTest" time="2.164" classname="com.crm.qa.testscases.LoginPageTest"/>
  <testcase name="selectDeleteTest" time="0.237" classname="com.crm.qa.testscases.DealsPageTest"/>
  <testcase name="selectDeleteTest" time="0.213" classname="com.crm.qa.testscases.CompaniesPageTest"/>
  <testcase name="clickOnCompniesLinkTest" time="0.267" classname="com.crm.qa.testscases.HomePageTest"/>
  <testcase name="incorrectUserNameloginTest" time="0.404" classname="com.crm.qa.testscases.LoginPageTest"/>
  <testcase name="actionLabelCheckTest" time="0.05" classname="com.crm.qa.testscases.CompaniesPageTest"/>
  <testcase name="clickOnDealsLinkTest" time="0.363" classname="com.crm.qa.testscases.HomePageTest"/>
  <testcase name="incorrectPasswordloginPageTest" time="0.41" classname="com.crm.qa.testscases.LoginPageTest"/>
  <testcase name="clickOnTasksLinkTest" time="0.322" classname="com.crm.qa.testscases.HomePageTest"/>
  <testcase name="SignUpPageTest" time="1.808" classname="com.crm.qa.testscases.LoginPageTest"/>
  <testcase name="clickOnCasesLinkTest" time="0.331" classname="com.crm.qa.testscases.HomePageTest"/>
  <testcase name="clickOnCallsLinkTest" time="0.372" classname="com.crm.qa.testscases.HomePageTest"/>
  <testcase name="clickOnDocumentsLinkPageTest" time="0.191" classname="com.crm.qa.testscases.HomePageTest"/>
  <testcase name="clickOnEmailLinkPageTest" time="0.409" classname="com.crm.qa.testscases.HomePageTest"/>
  <testcase name="clickOnCampaignLinkPageTest" time="0.36" classname="com.crm.qa.testscases.HomePageTest"/>
  <testcase name="clickOnFormsPageLinkTest" time="0.272" classname="com.crm.qa.testscases.HomePageTest"/>
  <testcase name="clickOnCalenderLinkTest" time="0.0" classname="com.crm.qa.testscases.HomePageTest">
    <ignored/>
  </testcase> <!-- clickOnCalenderLinkTest -->
</testsuite> <!-- Test -->
