<!DOCTYPE html PUBLIC "-//W3C//DTD XHTML 1.1//EN" "http://www.w3.org/TR/xhtml11/DTD/xhtml11.dtd">
<html xmlns="http://www.w3.org/1999/xhtml"><head><title>TestNG Report</title><style type="text/css">table {margin-bottom:10px;border-collapse:collapse;empty-cells:show}th,td {border:1px solid #009;padding:.25em .5em}th {vertical-align:bottom}td {vertical-align:top}table a {font-weight:bold}.stripe td {background-color: #E6EBF9}.num {text-align:right}.passedodd td {background-color: #3F3}.passedeven td {background-color: #0A0}.skippedodd td {background-color: #DDD}.skippedeven td {background-color: #CCC}.failedodd td,.attn {background-color: #F33}.failedeven td,.stripe .attn {background-color: #D00}.stacktrace {white-space:pre;font-family:monospace}.totop {font-size:85%;text-align:center;border-bottom:2px solid #000}</style></head><body><table><tr><th>Test</th><th># Passed</th><th># Skipped</th><th># Failed</th><th>Time (ms)</th><th>Included Groups</th><th>Excluded Groups</th></tr><tr><th colspan="7">Suite</th></tr><tr><td><a href="#t0">Test</a></td><td class="num">25</td><td class="num">0</td><td class="num attn">2</td><td class="num">358,256</td><td></td><td></td></tr></table><table id='summary'><thead><tr><th>Class</th><th>Method</th><th>Start</th><th>Time (ms)</th></tr></thead><tbody><tr><th colspan="4">Suite</th></tr></tbody><tbody id="t0"><tr><th colspan="4">Test &#8212; failed</th></tr><tr class="failedeven"><td rowspan="2">com.crm.qa.testscases.ContactsPageTest</td><td><a href="#m0">createNewContactsTest</a></td><td rowspan="2">1605013631458</td><td rowspan="2">20609</td></tr><tr class="failedeven"><td><a href="#m1">createNewContactsTest</a></td></tr><tr><th colspan="4">Test &#8212; passed</th></tr><tr class="passedeven"><td rowspan="1">com.crm.qa.testscases.CalenderPageTest</td><td><a href="#m2">selectMonthOnCalenderTest</a></td><td rowspan="1">1605013710692</td><td rowspan="1">371</td></tr><tr class="passedodd"><td rowspan="1">com.crm.qa.testscases.CampaignsPageTest</td><td><a href="#m3">clickOnNewLinkTest</a></td><td rowspan="1">1605013585075</td><td rowspan="1">210</td></tr><tr class="passedeven"><td rowspan="3">com.crm.qa.testscases.CompaniesPageTest</td><td><a href="#m4">actionLabelCheckTest</a></td><td rowspan="1">1605013816696</td><td rowspan="1">54</td></tr><tr class="passedeven"><td><a href="#m5">selectDeleteTest</a></td><td rowspan="1">1605013785243</td><td rowspan="1">399</td></tr><tr class="passedeven"><td><a href="#m6">selectNameCheckBoxTest</a></td><td rowspan="1">1605013722913</td><td rowspan="1">178</td></tr><tr class="passedodd"><td rowspan="3">com.crm.qa.testscases.ContactsPageTest</td><td><a href="#m7">createNewContactsTest</a></td><td rowspan="1">1605013662886</td><td rowspan="1">2952</td></tr><tr class="passedodd"><td><a href="#m8">selectContactDipakTest</a></td><td rowspan="1">1605013678394</td><td rowspan="1">496</td></tr><tr class="passedodd"><td><a href="#m9">selectContactManishTest</a></td><td rowspan="1">1605013747375</td><td rowspan="1">553</td></tr><tr class="passedeven"><td rowspan="2">com.crm.qa.testscases.DealsPageTest</td><td><a href="#m10">clickOnCheckBoxTest</a></td><td rowspan="1">1605013697996</td><td rowspan="1">225</td></tr><tr class="passedeven"><td><a href="#m11">selectDeleteTest</a></td><td rowspan="1">1605013772416</td><td rowspan="1">247</td></tr><tr class="passedodd"><td rowspan="10">com.crm.qa.testscases.HomePageTest</td><td><a href="#m12">clickOnCallsLinkTest</a></td><td rowspan="1">1605013879965</td><td rowspan="1">430</td></tr><tr class="passedodd"><td><a href="#m13">clickOnCampaignLinkPageTest</a></td><td rowspan="1">1605013914914</td><td rowspan="1">360</td></tr><tr class="passedodd"><td><a href="#m14">clickOnCasesLinkTest</a></td><td rowspan="1">1605013869753</td><td rowspan="1">332</td></tr><tr class="passedodd"><td><a href="#m15">clickOnCompniesLinkTest</a></td><td rowspan="1">1605013795669</td><td rowspan="1">320</td></tr><tr class="passedodd"><td><a href="#m16">clickOnContactsLinkTest</a></td><td rowspan="1">1605013734417</td><td rowspan="1">2492</td></tr><tr class="passedodd"><td><a href="#m17">clickOnDealsLinkTest</a></td><td rowspan="1">1605013826545</td><td rowspan="1">504</td></tr><tr class="passedodd"><td><a href="#m18">clickOnDocumentsLinkPageTest</a></td><td rowspan="1">1605013890400</td><td rowspan="1">384</td></tr><tr class="passedodd"><td><a href="#m19">clickOnEmailLinkPageTest</a></td><td rowspan="1">1605013900812</td><td rowspan="1">434</td></tr><tr class="passedodd"><td><a href="#m20">clickOnFormsPageLinkTest</a></td><td rowspan="1">1605013927169</td><td rowspan="1">384</td></tr><tr class="passedodd"><td><a href="#m21">clickOnTasksLinkTest</a></td><td rowspan="1">1605013846581</td><td rowspan="1">432</td></tr><tr class="passedeven"><td rowspan="5">com.crm.qa.testscases.LoginPageTest</td><td><a href="#m22">SignUpPageTest</a></td><td rowspan="1">1605013855727</td><td rowspan="1">2959</td></tr><tr class="passedeven"><td><a href="#m23">correctUserNameAndCorrectPasswordloginPageTest</a></td><td rowspan="1">1605013759648</td><td rowspan="1">1476</td></tr><tr class="passedeven"><td><a href="#m24">incorrectPasswordloginPageTest</a></td><td rowspan="1">1605013835200</td><td rowspan="1">440</td></tr><tr class="passedeven"><td><a href="#m25">incorrectUserNameloginTest</a></td><td rowspan="1">1605013805046</td><td rowspan="1">526</td></tr><tr class="passedeven"><td><a href="#m26">loginPageTitleTest</a></td><td rowspan="1">1605013687267</td><td rowspan="1">16</td></tr></tbody></table><h2>Test</h2><h3 id="m0">com.crm.qa.testscases.ContactsPageTest#createNewContactsTest</h3><table class="result"><tr class="param"><th>Parameter #1</th><th>Parameter #2</th><th>Parameter #3</th><th>Parameter #4</th></tr><tr class="param stripe"><td>colin</td><td>munn</td><td>robin</td><td>amazone</td></tr><tr><th colspan="4">Exception</th></tr><tr><td colspan="4"><div class="stacktrace">org.openqa.selenium.NoSuchElementException: no such element: Unable to locate element: {&quot;method&quot;:&quot;xpath&quot;,&quot;selector&quot;:&quot;//input[@name=&apos;first_name&apos;]&quot;}
  (Session info: chrome=86.0.4240.111)
For documentation on this error, please visit: http://seleniumhq.org/exceptions/no_such_element.html
Build info: version: &apos;3.14.0&apos;, revision: &apos;aacccce0&apos;, time: &apos;2018-08-02T20:19:58.91Z&apos;
System info: host: &apos;DESKTOP-BPNON4T&apos;, ip: &apos;192.168.0.28&apos;, os.name: &apos;Windows 10&apos;, os.arch: &apos;amd64&apos;, os.version: &apos;10.0&apos;, java.version: &apos;1.8.0_241&apos;
Driver info: org.openqa.selenium.chrome.ChromeDriver
Capabilities {acceptInsecureCerts: false, browserName: chrome, browserVersion: 86.0.4240.111, chrome: {chromedriverVersion: 85.0.4183.87 (cd6713ebf92fa..., userDataDir: C:\Users\hetal\AppData\Loca...}, goog:chromeOptions: {debuggerAddress: localhost:51474}, javascriptEnabled: true, networkConnectionEnabled: false, pageLoadStrategy: normal, platform: WINDOWS, platformName: WINDOWS, proxy: Proxy(), setWindowRect: true, strictFileInteractability: false, timeouts: {implicit: 0, pageLoad: 300000, script: 30000}, unhandledPromptBehavior: dismiss and notify, webauthn:virtualAuthenticators: true}
Session ID: 9db2a7cae76841786a98562d235cc35d
*** Element info: {Using=xpath, value=//input[@name=&apos;first_name&apos;]}
	at org.openqa.selenium.remote.http.W3CHttpResponseCodec.createException(W3CHttpResponseCodec.java:187)
	at org.openqa.selenium.remote.http.W3CHttpResponseCodec.decode(W3CHttpResponseCodec.java:122)
	at org.openqa.selenium.remote.http.W3CHttpResponseCodec.decode(W3CHttpResponseCodec.java:49)
	at org.openqa.selenium.remote.HttpCommandExecutor.execute(HttpCommandExecutor.java:158)
	at org.openqa.selenium.remote.service.DriverCommandExecutor.execute(DriverCommandExecutor.java:83)
	at org.openqa.selenium.remote.RemoteWebDriver.execute(RemoteWebDriver.java:548)
	at org.openqa.selenium.remote.RemoteWebDriver.findElement(RemoteWebDriver.java:322)
	at org.openqa.selenium.remote.RemoteWebDriver.findElementByXPath(RemoteWebDriver.java:424)
	at org.openqa.selenium.By$ByXPath.findElement(By.java:353)
	at org.openqa.selenium.remote.RemoteWebDriver.findElement(RemoteWebDriver.java:314)
	at org.openqa.selenium.support.events.EventFiringWebDriver.lambda$new$1(EventFiringWebDriver.java:105)
	at com.sun.proxy.$Proxy8.findElement(Unknown Source)
	at org.openqa.selenium.support.events.EventFiringWebDriver.findElement(EventFiringWebDriver.java:194)
	at org.openqa.selenium.support.pagefactory.DefaultElementLocator.findElement(DefaultElementLocator.java:69)
	at org.openqa.selenium.support.pagefactory.internal.LocatingElementHandler.invoke(LocatingElementHandler.java:38)
	at com.sun.proxy.$Proxy12.sendKeys(Unknown Source)
	at com.crm.qa.pages.ContactsPage.createContacts(ContactsPage.java:113)
	at com.crm.qa.testscases.ContactsPageTest.createNewContactsTest(ContactsPageTest.java:67)
	at java.util.concurrent.ThreadPoolExecutor.runWorker(ThreadPoolExecutor.java:1149)
	at java.util.concurrent.ThreadPoolExecutor$Worker.run(ThreadPoolExecutor.java:624)
	at java.lang.Thread.run(Thread.java:748)
... Removed 17 stack frames</div></td></tr></table><p class="totop"><a href="#summary">back to summary</a></p><h3 id="m1">com.crm.qa.testscases.ContactsPageTest#createNewContactsTest</h3><table class="result"><tr class="param"><th>Parameter #1</th><th>Parameter #2</th><th>Parameter #3</th><th>Parameter #4</th></tr><tr class="param stripe"><td>matt</td><td>girt</td><td>hose</td><td>google</td></tr><tr><th colspan="4">Exception</th></tr><tr><td colspan="4"><div class="stacktrace">org.openqa.selenium.NoSuchElementException: no such element: Unable to locate element: {&quot;method&quot;:&quot;xpath&quot;,&quot;selector&quot;:&quot;//input[@name=&apos;first_name&apos;]&quot;}
  (Session info: chrome=86.0.4240.111)
For documentation on this error, please visit: http://seleniumhq.org/exceptions/no_such_element.html
Build info: version: &apos;3.14.0&apos;, revision: &apos;aacccce0&apos;, time: &apos;2018-08-02T20:19:58.91Z&apos;
System info: host: &apos;DESKTOP-BPNON4T&apos;, ip: &apos;192.168.0.28&apos;, os.name: &apos;Windows 10&apos;, os.arch: &apos;amd64&apos;, os.version: &apos;10.0&apos;, java.version: &apos;1.8.0_241&apos;
Driver info: org.openqa.selenium.chrome.ChromeDriver
Capabilities {acceptInsecureCerts: false, browserName: chrome, browserVersion: 86.0.4240.111, chrome: {chromedriverVersion: 85.0.4183.87 (cd6713ebf92fa..., userDataDir: C:\Users\hetal\AppData\Loca...}, goog:chromeOptions: {debuggerAddress: localhost:51441}, javascriptEnabled: true, networkConnectionEnabled: false, pageLoadStrategy: normal, platform: WINDOWS, platformName: WINDOWS, proxy: Proxy(), setWindowRect: true, strictFileInteractability: false, timeouts: {implicit: 0, pageLoad: 300000, script: 30000}, unhandledPromptBehavior: dismiss and notify, webauthn:virtualAuthenticators: true}
Session ID: 956ada904f5e77bf9f47e6e8b5277bae
*** Element info: {Using=xpath, value=//input[@name=&apos;first_name&apos;]}
	at org.openqa.selenium.remote.http.W3CHttpResponseCodec.createException(W3CHttpResponseCodec.java:187)
	at org.openqa.selenium.remote.http.W3CHttpResponseCodec.decode(W3CHttpResponseCodec.java:122)
	at org.openqa.selenium.remote.http.W3CHttpResponseCodec.decode(W3CHttpResponseCodec.java:49)
	at org.openqa.selenium.remote.HttpCommandExecutor.execute(HttpCommandExecutor.java:158)
	at org.openqa.selenium.remote.service.DriverCommandExecutor.execute(DriverCommandExecutor.java:83)
	at org.openqa.selenium.remote.RemoteWebDriver.execute(RemoteWebDriver.java:548)
	at org.openqa.selenium.remote.RemoteWebDriver.findElement(RemoteWebDriver.java:322)
	at org.openqa.selenium.remote.RemoteWebDriver.findElementByXPath(RemoteWebDriver.java:424)
	at org.openqa.selenium.By$ByXPath.findElement(By.java:353)
	at org.openqa.selenium.remote.RemoteWebDriver.findElement(RemoteWebDriver.java:314)
	at org.openqa.selenium.support.events.EventFiringWebDriver.lambda$new$1(EventFiringWebDriver.java:105)
	at com.sun.proxy.$Proxy8.findElement(Unknown Source)
	at org.openqa.selenium.support.events.EventFiringWebDriver.findElement(EventFiringWebDriver.java:194)
	at org.openqa.selenium.support.pagefactory.DefaultElementLocator.findElement(DefaultElementLocator.java:69)
	at org.openqa.selenium.support.pagefactory.internal.LocatingElementHandler.invoke(LocatingElementHandler.java:38)
	at com.sun.proxy.$Proxy12.sendKeys(Unknown Source)
	at com.crm.qa.pages.ContactsPage.createContacts(ContactsPage.java:113)
	at com.crm.qa.testscases.ContactsPageTest.createNewContactsTest(ContactsPageTest.java:67)
	at java.util.concurrent.ThreadPoolExecutor.runWorker(ThreadPoolExecutor.java:1149)
	at java.util.concurrent.ThreadPoolExecutor$Worker.run(ThreadPoolExecutor.java:624)
	at java.lang.Thread.run(Thread.java:748)
... Removed 17 stack frames</div></td></tr></table><p class="totop"><a href="#summary">back to summary</a></p><h3 id="m2">com.crm.qa.testscases.CalenderPageTest#selectMonthOnCalenderTest</h3><table class="result"></table><p class="totop"><a href="#summary">back to summary</a></p><h3 id="m3">com.crm.qa.testscases.CampaignsPageTest#clickOnNewLinkTest</h3><table class="result"></table><p class="totop"><a href="#summary">back to summary</a></p><h3 id="m4">com.crm.qa.testscases.CompaniesPageTest#actionLabelCheckTest</h3><table class="result"></table><p class="totop"><a href="#summary">back to summary</a></p><h3 id="m5">com.crm.qa.testscases.CompaniesPageTest#selectDeleteTest</h3><table class="result"></table><p class="totop"><a href="#summary">back to summary</a></p><h3 id="m6">com.crm.qa.testscases.CompaniesPageTest#selectNameCheckBoxTest</h3><table class="result"></table><p class="totop"><a href="#summary">back to summary</a></p><h3 id="m7">com.crm.qa.testscases.ContactsPageTest#createNewContactsTest</h3><table class="result"><tr class="param"><th>Parameter #1</th><th>Parameter #2</th><th>Parameter #3</th><th>Parameter #4</th></tr><tr class="param stripe"><td>mattew</td><td>hayden</td><td>Dominic</td><td>Channel 9</td></tr></table><p class="totop"><a href="#summary">back to summary</a></p><h3 id="m8">com.crm.qa.testscases.ContactsPageTest#selectContactDipakTest</h3><table class="result"></table><p class="totop"><a href="#summary">back to summary</a></p><h3 id="m9">com.crm.qa.testscases.ContactsPageTest#selectContactManishTest</h3><table class="result"></table><p class="totop"><a href="#summary">back to summary</a></p><h3 id="m10">com.crm.qa.testscases.DealsPageTest#clickOnCheckBoxTest</h3><table class="result"></table><p class="totop"><a href="#summary">back to summary</a></p><h3 id="m11">com.crm.qa.testscases.DealsPageTest#selectDeleteTest</h3><table class="result"></table><p class="totop"><a href="#summary">back to summary</a></p><h3 id="m12">com.crm.qa.testscases.HomePageTest#clickOnCallsLinkTest</h3><table class="result"></table><p class="totop"><a href="#summary">back to summary</a></p><h3 id="m13">com.crm.qa.testscases.HomePageTest#clickOnCampaignLinkPageTest</h3><table class="result"></table><p class="totop"><a href="#summary">back to summary</a></p><h3 id="m14">com.crm.qa.testscases.HomePageTest#clickOnCasesLinkTest</h3><table class="result"></table><p class="totop"><a href="#summary">back to summary</a></p><h3 id="m15">com.crm.qa.testscases.HomePageTest#clickOnCompniesLinkTest</h3><table class="result"></table><p class="totop"><a href="#summary">back to summary</a></p><h3 id="m16">com.crm.qa.testscases.HomePageTest#clickOnContactsLinkTest</h3><table class="result"></table><p class="totop"><a href="#summary">back to summary</a></p><h3 id="m17">com.crm.qa.testscases.HomePageTest#clickOnDealsLinkTest</h3><table class="result"></table><p class="totop"><a href="#summary">back to summary</a></p><h3 id="m18">com.crm.qa.testscases.HomePageTest#clickOnDocumentsLinkPageTest</h3><table class="result"></table><p class="totop"><a href="#summary">back to summary</a></p><h3 id="m19">com.crm.qa.testscases.HomePageTest#clickOnEmailLinkPageTest</h3><table class="result"></table><p class="totop"><a href="#summary">back to summary</a></p><h3 id="m20">com.crm.qa.testscases.HomePageTest#clickOnFormsPageLinkTest</h3><table class="result"></table><p class="totop"><a href="#summary">back to summary</a></p><h3 id="m21">com.crm.qa.testscases.HomePageTest#clickOnTasksLinkTest</h3><table class="result"></table><p class="totop"><a href="#summary">back to summary</a></p><h3 id="m22">com.crm.qa.testscases.LoginPageTest#SignUpPageTest</h3><table class="result"></table><p class="totop"><a href="#summary">back to summary</a></p><h3 id="m23">com.crm.qa.testscases.LoginPageTest#correctUserNameAndCorrectPasswordloginPageTest</h3><table class="result"></table><p class="totop"><a href="#summary">back to summary</a></p><h3 id="m24">com.crm.qa.testscases.LoginPageTest#incorrectPasswordloginPageTest</h3><table class="result"></table><p class="totop"><a href="#summary">back to summary</a></p><h3 id="m25">com.crm.qa.testscases.LoginPageTest#incorrectUserNameloginTest</h3><table class="result"></table><p class="totop"><a href="#summary">back to summary</a></p><h3 id="m26">com.crm.qa.testscases.LoginPageTest#loginPageTitleTest</h3><table class="result"></table><p class="totop"><a href="#summary">back to summary</a></p></body></html>