<?xml version="1.0" encoding="UTF-8"?>
<testng-results skipped="0" failed="2" ignored="1" total="26" passed="23">
  <reporter-output>
  </reporter-output>
  <suite name="Suite" duration-ms="342282" started-at="2020-10-05T18:48:53Z" finished-at="2020-10-05T18:54:36Z">
    <groups>
    </groups>
    <test name="Test" duration-ms="342282" started-at="2020-10-05T18:48:53Z" finished-at="2020-10-05T18:54:36Z">
      <class name="com.crm.qa.testscases.CompaniesPageTest">
        <test-method status="PASS" signature="setUp()[pri:0, instance:com.crm.qa.testscases.CompaniesPageTest@27c20538]" name="setUp" is-config="true" duration-ms="16617" started-at="2020-10-05T19:50:44Z" finished-at="2020-10-05T19:51:00Z">
          <reporter-output>
          </reporter-output>
        </test-method> <!-- setUp -->
        <test-method status="FAIL" signature="selectNameCheckBoxTest()[pri:1, instance:com.crm.qa.testscases.CompaniesPageTest@27c20538]" name="selectNameCheckBoxTest" duration-ms="20705" started-at="2020-10-05T19:51:00Z" finished-at="2020-10-05T19:51:21Z">
          <exception class="org.openqa.selenium.NoSuchElementException">
            <message>
              <![CDATA[no such element: Unable to locate element: {"method":"xpath","selector":"//td[text()='DipakPatel']"}
  (Session info: chrome=85.0.4183.121)
For documentation on this error, please visit: http://seleniumhq.org/exceptions/no_such_element.html
Build info: version: '3.14.0', revision: 'aacccce0', time: '2018-08-02T20:19:58.91Z'
System info: host: 'DESKTOP-BPNON4T', ip: '192.168.0.28', os.name: 'Windows 10', os.arch: 'amd64', os.version: '10.0', java.version: '1.8.0_241'
Driver info: org.openqa.selenium.chrome.ChromeDriver
Capabilities {acceptInsecureCerts: false, browserName: chrome, browserVersion: 85.0.4183.121, chrome: {chromedriverVersion: 85.0.4183.87 (cd6713ebf92fa..., userDataDir: C:\Users\hetal\AppData\Loca...}, goog:chromeOptions: {debuggerAddress: localhost:52027}, javascriptEnabled: true, networkConnectionEnabled: false, pageLoadStrategy: normal, platform: WINDOWS, platformName: WINDOWS, proxy: Proxy(), setWindowRect: true, strictFileInteractability: false, timeouts: {implicit: 0, pageLoad: 300000, script: 30000}, unhandledPromptBehavior: dismiss and notify, webauthn:virtualAuthenticators: true}
Session ID: a30280af55b1b06710203f4637d9b30e
*** Element info: {Using=xpath, value=//td[text()='DipakPatel']}]]>
            </message>
            <full-stacktrace>
              <![CDATA[org.openqa.selenium.NoSuchElementException: no such element: Unable to locate element: {"method":"xpath","selector":"//td[text()='DipakPatel']"}
  (Session info: chrome=85.0.4183.121)
For documentation on this error, please visit: http://seleniumhq.org/exceptions/no_such_element.html
Build info: version: '3.14.0', revision: 'aacccce0', time: '2018-08-02T20:19:58.91Z'
System info: host: 'DESKTOP-BPNON4T', ip: '192.168.0.28', os.name: 'Windows 10', os.arch: 'amd64', os.version: '10.0', java.version: '1.8.0_241'
Driver info: org.openqa.selenium.chrome.ChromeDriver
Capabilities {acceptInsecureCerts: false, browserName: chrome, browserVersion: 85.0.4183.121, chrome: {chromedriverVersion: 85.0.4183.87 (cd6713ebf92fa..., userDataDir: C:\Users\hetal\AppData\Loca...}, goog:chromeOptions: {debuggerAddress: localhost:52027}, javascriptEnabled: true, networkConnectionEnabled: false, pageLoadStrategy: normal, platform: WINDOWS, platformName: WINDOWS, proxy: Proxy(), setWindowRect: true, strictFileInteractability: false, timeouts: {implicit: 0, pageLoad: 300000, script: 30000}, unhandledPromptBehavior: dismiss and notify, webauthn:virtualAuthenticators: true}
Session ID: a30280af55b1b06710203f4637d9b30e
*** Element info: {Using=xpath, value=//td[text()='DipakPatel']}
	at sun.reflect.NativeConstructorAccessorImpl.newInstance0(Native Method)
	at sun.reflect.NativeConstructorAccessorImpl.newInstance(NativeConstructorAccessorImpl.java:62)
	at sun.reflect.DelegatingConstructorAccessorImpl.newInstance(DelegatingConstructorAccessorImpl.java:45)
	at java.lang.reflect.Constructor.newInstance(Constructor.java:423)
	at org.openqa.selenium.remote.http.W3CHttpResponseCodec.createException(W3CHttpResponseCodec.java:187)
	at org.openqa.selenium.remote.http.W3CHttpResponseCodec.decode(W3CHttpResponseCodec.java:122)
	at org.openqa.selenium.remote.http.W3CHttpResponseCodec.decode(W3CHttpResponseCodec.java:49)
	at org.openqa.selenium.remote.HttpCommandExecutor.execute(HttpCommandExecutor.java:158)
	at org.openqa.selenium.remote.service.DriverCommandExecutor.execute(DriverCommandExecutor.java:83)
	at org.openqa.selenium.remote.RemoteWebDriver.execute(RemoteWebDriver.java:548)
	at org.openqa.selenium.remote.RemoteWebDriver.findElement(RemoteWebDriver.java:322)
	at org.openqa.selenium.remote.RemoteWebDriver.findElementByXPath(RemoteWebDriver.java:424)
	at org.openqa.selenium.By$ByXPath.findElement(By.java:353)
	at org.openqa.selenium.remote.RemoteWebDriver.findElement(RemoteWebDriver.java:314)
	at sun.reflect.GeneratedMethodAccessor2.invoke(Unknown Source)
	at sun.reflect.DelegatingMethodAccessorImpl.invoke(DelegatingMethodAccessorImpl.java:43)
	at java.lang.reflect.Method.invoke(Method.java:498)
	at org.openqa.selenium.support.events.EventFiringWebDriver.lambda$new$1(EventFiringWebDriver.java:105)
	at com.sun.proxy.$Proxy8.findElement(Unknown Source)
	at org.openqa.selenium.support.events.EventFiringWebDriver.findElement(EventFiringWebDriver.java:194)
	at org.openqa.selenium.support.pagefactory.DefaultElementLocator.findElement(DefaultElementLocator.java:69)
	at org.openqa.selenium.support.pagefactory.internal.LocatingElementHandler.invoke(LocatingElementHandler.java:38)
	at com.sun.proxy.$Proxy12.isEnabled(Unknown Source)
	at com.crm.qa.pages.CompaniesPage.selectNameCheckBox(CompaniesPage.java:51)
	at com.crm.qa.testscases.CompaniesPageTest.selectNameCheckBoxTest(CompaniesPageTest.java:39)
	at sun.reflect.NativeMethodAccessorImpl.invoke0(Native Method)
	at sun.reflect.NativeMethodAccessorImpl.invoke(NativeMethodAccessorImpl.java:62)
	at sun.reflect.DelegatingMethodAccessorImpl.invoke(DelegatingMethodAccessorImpl.java:43)
	at java.lang.reflect.Method.invoke(Method.java:498)
	at org.testng.internal.MethodInvocationHelper.invokeMethod(MethodInvocationHelper.java:108)
	at org.testng.internal.Invoker.invokeMethod(Invoker.java:661)
	at org.testng.internal.Invoker.invokeTestMethod(Invoker.java:869)
	at org.testng.internal.Invoker.invokeTestMethods(Invoker.java:1193)
	at org.testng.internal.TestMethodWorker.invokeTestMethods(TestMethodWorker.java:126)
	at org.testng.internal.TestMethodWorker.run(TestMethodWorker.java:109)
	at java.util.concurrent.ThreadPoolExecutor.runWorker(ThreadPoolExecutor.java:1149)
	at java.util.concurrent.ThreadPoolExecutor$Worker.run(ThreadPoolExecutor.java:624)
	at java.lang.Thread.run(Thread.java:748)
]]>
            </full-stacktrace>
          </exception> <!-- org.openqa.selenium.NoSuchElementException -->
          <reporter-output>
          </reporter-output>
        </test-method> <!-- selectNameCheckBoxTest -->
        <test-method status="PASS" signature="tearDown()[pri:0, instance:com.crm.qa.testscases.CompaniesPageTest@27c20538]" name="tearDown" is-config="true" duration-ms="680" started-at="2020-10-05T19:51:21Z" finished-at="2020-10-05T19:51:22Z">
          <reporter-output>
          </reporter-output>
        </test-method> <!-- tearDown -->
        <test-method status="PASS" signature="setUp()[pri:0, instance:com.crm.qa.testscases.CompaniesPageTest@27c20538]" name="setUp" is-config="true" duration-ms="10160" started-at="2020-10-05T19:51:57Z" finished-at="2020-10-05T19:52:07Z">
          <reporter-output>
          </reporter-output>
        </test-method> <!-- setUp -->
        <test-method status="PASS" signature="selectDeleteTest()[pri:2, instance:com.crm.qa.testscases.CompaniesPageTest@27c20538]" name="selectDeleteTest" duration-ms="255" started-at="2020-10-05T19:52:07Z" finished-at="2020-10-05T19:52:07Z">
          <reporter-output>
          </reporter-output>
        </test-method> <!-- selectDeleteTest -->
        <test-method status="PASS" signature="tearDown()[pri:0, instance:com.crm.qa.testscases.CompaniesPageTest@27c20538]" name="tearDown" is-config="true" duration-ms="743" started-at="2020-10-05T19:52:07Z" finished-at="2020-10-05T19:52:08Z">
          <reporter-output>
          </reporter-output>
        </test-method> <!-- tearDown -->
        <test-method status="PASS" signature="setUp()[pri:0, instance:com.crm.qa.testscases.CompaniesPageTest@27c20538]" name="setUp" is-config="true" duration-ms="10500" started-at="2020-10-05T19:52:28Z" finished-at="2020-10-05T19:52:39Z">
          <reporter-output>
          </reporter-output>
        </test-method> <!-- setUp -->
        <test-method status="PASS" signature="actionLabelCheckTest()[pri:3, instance:com.crm.qa.testscases.CompaniesPageTest@27c20538]" name="actionLabelCheckTest" duration-ms="58" started-at="2020-10-05T19:52:39Z" finished-at="2020-10-05T19:52:39Z">
          <reporter-output>
          </reporter-output>
        </test-method> <!-- actionLabelCheckTest -->
        <test-method status="PASS" signature="tearDown()[pri:0, instance:com.crm.qa.testscases.CompaniesPageTest@27c20538]" name="tearDown" is-config="true" duration-ms="777" started-at="2020-10-05T19:52:39Z" finished-at="2020-10-05T19:52:40Z">
          <reporter-output>
          </reporter-output>
        </test-method> <!-- tearDown -->
      </class> <!-- com.crm.qa.testscases.CompaniesPageTest -->
      <class name="com.crm.qa.testscases.CalenderPageTest">
        <test-method status="PASS" signature="setUp()[pri:0, instance:com.crm.qa.testscases.CalenderPageTest@56ac3a89]" name="setUp" is-config="true" duration-ms="11816" started-at="2020-10-05T19:50:10Z" finished-at="2020-10-05T19:50:22Z">
          <reporter-output>
          </reporter-output>
        </test-method> <!-- setUp -->
        <test-method status="FAIL" signature="selectMonthOnCalenderTest()[pri:1, instance:com.crm.qa.testscases.CalenderPageTest@56ac3a89]" name="selectMonthOnCalenderTest" duration-ms="20862" started-at="2020-10-05T19:50:22Z" finished-at="2020-10-05T19:50:42Z">
          <exception class="org.openqa.selenium.NoSuchElementException">
            <message>
              <![CDATA[no such element: Unable to locate element: {"method":"xpath","selector":"//span[@class='rbc-toolbar-label'][text()='0002 Oct 02']"}
  (Session info: chrome=85.0.4183.121)
For documentation on this error, please visit: http://seleniumhq.org/exceptions/no_such_element.html
Build info: version: '3.14.0', revision: 'aacccce0', time: '2018-08-02T20:19:58.91Z'
System info: host: 'DESKTOP-BPNON4T', ip: '192.168.0.28', os.name: 'Windows 10', os.arch: 'amd64', os.version: '10.0', java.version: '1.8.0_241'
Driver info: org.openqa.selenium.chrome.ChromeDriver
Capabilities {acceptInsecureCerts: false, browserName: chrome, browserVersion: 85.0.4183.121, chrome: {chromedriverVersion: 85.0.4183.87 (cd6713ebf92fa..., userDataDir: C:\Users\hetal\AppData\Loca...}, goog:chromeOptions: {debuggerAddress: localhost:51992}, javascriptEnabled: true, networkConnectionEnabled: false, pageLoadStrategy: normal, platform: WINDOWS, platformName: WINDOWS, proxy: Proxy(), setWindowRect: true, strictFileInteractability: false, timeouts: {implicit: 0, pageLoad: 300000, script: 30000}, unhandledPromptBehavior: dismiss and notify, webauthn:virtualAuthenticators: true}
Session ID: 5d38b087e60ffcf1d6bb05e318f72b0e
*** Element info: {Using=xpath, value=//span[@class='rbc-toolbar-label'][text()='0002 Oct 02']}]]>
            </message>
            <full-stacktrace>
              <![CDATA[org.openqa.selenium.NoSuchElementException: no such element: Unable to locate element: {"method":"xpath","selector":"//span[@class='rbc-toolbar-label'][text()='0002 Oct 02']"}
  (Session info: chrome=85.0.4183.121)
For documentation on this error, please visit: http://seleniumhq.org/exceptions/no_such_element.html
Build info: version: '3.14.0', revision: 'aacccce0', time: '2018-08-02T20:19:58.91Z'
System info: host: 'DESKTOP-BPNON4T', ip: '192.168.0.28', os.name: 'Windows 10', os.arch: 'amd64', os.version: '10.0', java.version: '1.8.0_241'
Driver info: org.openqa.selenium.chrome.ChromeDriver
Capabilities {acceptInsecureCerts: false, browserName: chrome, browserVersion: 85.0.4183.121, chrome: {chromedriverVersion: 85.0.4183.87 (cd6713ebf92fa..., userDataDir: C:\Users\hetal\AppData\Loca...}, goog:chromeOptions: {debuggerAddress: localhost:51992}, javascriptEnabled: true, networkConnectionEnabled: false, pageLoadStrategy: normal, platform: WINDOWS, platformName: WINDOWS, proxy: Proxy(), setWindowRect: true, strictFileInteractability: false, timeouts: {implicit: 0, pageLoad: 300000, script: 30000}, unhandledPromptBehavior: dismiss and notify, webauthn:virtualAuthenticators: true}
Session ID: 5d38b087e60ffcf1d6bb05e318f72b0e
*** Element info: {Using=xpath, value=//span[@class='rbc-toolbar-label'][text()='0002 Oct 02']}
	at sun.reflect.NativeConstructorAccessorImpl.newInstance0(Native Method)
	at sun.reflect.NativeConstructorAccessorImpl.newInstance(NativeConstructorAccessorImpl.java:62)
	at sun.reflect.DelegatingConstructorAccessorImpl.newInstance(DelegatingConstructorAccessorImpl.java:45)
	at java.lang.reflect.Constructor.newInstance(Constructor.java:423)
	at org.openqa.selenium.remote.http.W3CHttpResponseCodec.createException(W3CHttpResponseCodec.java:187)
	at org.openqa.selenium.remote.http.W3CHttpResponseCodec.decode(W3CHttpResponseCodec.java:122)
	at org.openqa.selenium.remote.http.W3CHttpResponseCodec.decode(W3CHttpResponseCodec.java:49)
	at org.openqa.selenium.remote.HttpCommandExecutor.execute(HttpCommandExecutor.java:158)
	at org.openqa.selenium.remote.service.DriverCommandExecutor.execute(DriverCommandExecutor.java:83)
	at org.openqa.selenium.remote.RemoteWebDriver.execute(RemoteWebDriver.java:548)
	at org.openqa.selenium.remote.RemoteWebDriver.findElement(RemoteWebDriver.java:322)
	at org.openqa.selenium.remote.RemoteWebDriver.findElementByXPath(RemoteWebDriver.java:424)
	at org.openqa.selenium.By$ByXPath.findElement(By.java:353)
	at org.openqa.selenium.remote.RemoteWebDriver.findElement(RemoteWebDriver.java:314)
	at sun.reflect.GeneratedMethodAccessor2.invoke(Unknown Source)
	at sun.reflect.DelegatingMethodAccessorImpl.invoke(DelegatingMethodAccessorImpl.java:43)
	at java.lang.reflect.Method.invoke(Method.java:498)
	at org.openqa.selenium.support.events.EventFiringWebDriver.lambda$new$1(EventFiringWebDriver.java:105)
	at com.sun.proxy.$Proxy8.findElement(Unknown Source)
	at org.openqa.selenium.support.events.EventFiringWebDriver.findElement(EventFiringWebDriver.java:194)
	at org.openqa.selenium.support.pagefactory.DefaultElementLocator.findElement(DefaultElementLocator.java:69)
	at org.openqa.selenium.support.pagefactory.internal.LocatingElementHandler.invoke(LocatingElementHandler.java:38)
	at com.sun.proxy.$Proxy12.isEnabled(Unknown Source)
	at com.crm.qa.pages.CalenderPage.selectMonthOnCalender(CalenderPage.java:38)
	at com.crm.qa.testscases.CalenderPageTest.selectMonthOnCalenderTest(CalenderPageTest.java:37)
	at sun.reflect.NativeMethodAccessorImpl.invoke0(Native Method)
	at sun.reflect.NativeMethodAccessorImpl.invoke(NativeMethodAccessorImpl.java:62)
	at sun.reflect.DelegatingMethodAccessorImpl.invoke(DelegatingMethodAccessorImpl.java:43)
	at java.lang.reflect.Method.invoke(Method.java:498)
	at org.testng.internal.MethodInvocationHelper.invokeMethod(MethodInvocationHelper.java:108)
	at org.testng.internal.Invoker.invokeMethod(Invoker.java:661)
	at org.testng.internal.Invoker.invokeTestMethod(Invoker.java:869)
	at org.testng.internal.Invoker.invokeTestMethods(Invoker.java:1193)
	at org.testng.internal.TestMethodWorker.invokeTestMethods(TestMethodWorker.java:126)
	at org.testng.internal.TestMethodWorker.run(TestMethodWorker.java:109)
	at java.util.concurrent.ThreadPoolExecutor.runWorker(ThreadPoolExecutor.java:1149)
	at java.util.concurrent.ThreadPoolExecutor$Worker.run(ThreadPoolExecutor.java:624)
	at java.lang.Thread.run(Thread.java:748)
]]>
            </full-stacktrace>
          </exception> <!-- org.openqa.selenium.NoSuchElementException -->
          <reporter-output>
          </reporter-output>
        </test-method> <!-- selectMonthOnCalenderTest -->
        <test-method status="PASS" signature="tearDown()[pri:0, instance:com.crm.qa.testscases.CalenderPageTest@56ac3a89]" name="tearDown" is-config="true" duration-ms="1083" started-at="2020-10-05T19:50:42Z" finished-at="2020-10-05T19:50:44Z">
          <reporter-output>
          </reporter-output>
        </test-method> <!-- tearDown -->
      </class> <!-- com.crm.qa.testscases.CalenderPageTest -->
      <class name="com.crm.qa.testscases.CampaignsPageTest">
        <test-method status="PASS" signature="setUp()[pri:0, instance:com.crm.qa.testscases.CampaignsPageTest@490ab905]" name="setUp" is-config="true" duration-ms="13065" started-at="2020-10-05T19:48:53Z" finished-at="2020-10-05T19:49:06Z">
          <reporter-output>
          </reporter-output>
        </test-method> <!-- setUp -->
        <test-method status="PASS" signature="clickOnNewLinkTest()[pri:0, instance:com.crm.qa.testscases.CampaignsPageTest@490ab905]" name="clickOnNewLinkTest" duration-ms="235" started-at="2020-10-05T19:49:06Z" finished-at="2020-10-05T19:49:07Z">
          <reporter-output>
          </reporter-output>
        </test-method> <!-- clickOnNewLinkTest -->
        <test-method status="PASS" signature="tearDown()[pri:0, instance:com.crm.qa.testscases.CampaignsPageTest@490ab905]" name="tearDown" is-config="true" duration-ms="986" started-at="2020-10-05T19:49:07Z" finished-at="2020-10-05T19:49:08Z">
          <reporter-output>
          </reporter-output>
        </test-method> <!-- tearDown -->
      </class> <!-- com.crm.qa.testscases.CampaignsPageTest -->
      <class name="com.crm.qa.testscases.HomePageTest">
        <test-method status="PASS" signature="setUp()[pri:0, instance:com.crm.qa.testscases.HomePageTest@5f2108b5]" name="setUp" is-config="true" duration-ms="10192" started-at="2020-10-05T19:51:22Z" finished-at="2020-10-05T19:51:32Z">
          <reporter-output>
          </reporter-output>
        </test-method> <!-- setUp -->
        <test-method status="PASS" signature="clickOnContactsLinkTest()[pri:2, instance:com.crm.qa.testscases.HomePageTest@5f2108b5]" name="clickOnContactsLinkTest" duration-ms="2238" started-at="2020-10-05T19:51:32Z" finished-at="2020-10-05T19:51:34Z">
          <reporter-output>
          </reporter-output>
        </test-method> <!-- clickOnContactsLinkTest -->
        <test-method status="PASS" signature="tearDown()[pri:0, instance:com.crm.qa.testscases.HomePageTest@5f2108b5]" name="tearDown" is-config="true" duration-ms="1138" started-at="2020-10-05T19:51:34Z" finished-at="2020-10-05T19:51:35Z">
          <reporter-output>
          </reporter-output>
        </test-method> <!-- tearDown -->
        <test-method status="PASS" signature="setUp()[pri:0, instance:com.crm.qa.testscases.HomePageTest@5f2108b5]" name="setUp" is-config="true" duration-ms="10001" started-at="2020-10-05T19:52:08Z" finished-at="2020-10-05T19:52:18Z">
          <reporter-output>
          </reporter-output>
        </test-method> <!-- setUp -->
        <test-method status="PASS" signature="clickOnCompniesLinkTest()[pri:3, instance:com.crm.qa.testscases.HomePageTest@5f2108b5]" name="clickOnCompniesLinkTest" duration-ms="337" started-at="2020-10-05T19:52:18Z" finished-at="2020-10-05T19:52:18Z">
          <reporter-output>
          </reporter-output>
        </test-method> <!-- clickOnCompniesLinkTest -->
        <test-method status="PASS" signature="tearDown()[pri:0, instance:com.crm.qa.testscases.HomePageTest@5f2108b5]" name="tearDown" is-config="true" duration-ms="744" started-at="2020-10-05T19:52:18Z" finished-at="2020-10-05T19:52:19Z">
          <reporter-output>
          </reporter-output>
        </test-method> <!-- tearDown -->
        <test-method status="PASS" signature="setUp()[pri:0, instance:com.crm.qa.testscases.HomePageTest@5f2108b5]" name="setUp" is-config="true" duration-ms="10544" started-at="2020-10-05T19:52:40Z" finished-at="2020-10-05T19:52:50Z">
          <reporter-output>
          </reporter-output>
        </test-method> <!-- setUp -->
        <test-method status="PASS" signature="clickOnDealsLinkTest()[pri:4, instance:com.crm.qa.testscases.HomePageTest@5f2108b5]" name="clickOnDealsLinkTest" duration-ms="258" started-at="2020-10-05T19:52:50Z" finished-at="2020-10-05T19:52:51Z">
          <reporter-output>
          </reporter-output>
        </test-method> <!-- clickOnDealsLinkTest -->
        <test-method status="PASS" signature="tearDown()[pri:0, instance:com.crm.qa.testscases.HomePageTest@5f2108b5]" name="tearDown" is-config="true" duration-ms="1234" started-at="2020-10-05T19:52:51Z" finished-at="2020-10-05T19:52:52Z">
          <reporter-output>
          </reporter-output>
        </test-method> <!-- tearDown -->
        <test-method status="PASS" signature="setUp()[pri:0, instance:com.crm.qa.testscases.HomePageTest@5f2108b5]" name="setUp" is-config="true" duration-ms="11524" started-at="2020-10-05T19:53:02Z" finished-at="2020-10-05T19:53:13Z">
          <reporter-output>
          </reporter-output>
        </test-method> <!-- setUp -->
        <test-method status="PASS" signature="clickOnTasksLinkTest()[pri:5, instance:com.crm.qa.testscases.HomePageTest@5f2108b5]" name="clickOnTasksLinkTest" duration-ms="349" started-at="2020-10-05T19:53:13Z" finished-at="2020-10-05T19:53:14Z">
          <reporter-output>
          </reporter-output>
        </test-method> <!-- clickOnTasksLinkTest -->
        <test-method status="PASS" signature="tearDown()[pri:0, instance:com.crm.qa.testscases.HomePageTest@5f2108b5]" name="tearDown" is-config="true" duration-ms="768" started-at="2020-10-05T19:53:14Z" finished-at="2020-10-05T19:53:14Z">
          <reporter-output>
          </reporter-output>
        </test-method> <!-- tearDown -->
        <test-method status="PASS" signature="setUp()[pri:0, instance:com.crm.qa.testscases.HomePageTest@5f2108b5]" name="setUp" is-config="true" duration-ms="12030" started-at="2020-10-05T19:53:25Z" finished-at="2020-10-05T19:53:37Z">
          <reporter-output>
          </reporter-output>
        </test-method> <!-- setUp -->
        <test-method status="PASS" signature="clickOnCasesLinkTest()[pri:6, instance:com.crm.qa.testscases.HomePageTest@5f2108b5]" name="clickOnCasesLinkTest" duration-ms="300" started-at="2020-10-05T19:53:37Z" finished-at="2020-10-05T19:53:37Z">
          <reporter-output>
          </reporter-output>
        </test-method> <!-- clickOnCasesLinkTest -->
        <test-method status="PASS" signature="tearDown()[pri:0, instance:com.crm.qa.testscases.HomePageTest@5f2108b5]" name="tearDown" is-config="true" duration-ms="720" started-at="2020-10-05T19:53:37Z" finished-at="2020-10-05T19:53:38Z">
          <reporter-output>
          </reporter-output>
        </test-method> <!-- tearDown -->
        <test-method status="PASS" signature="setUp()[pri:0, instance:com.crm.qa.testscases.HomePageTest@5f2108b5]" name="setUp" is-config="true" duration-ms="11220" started-at="2020-10-05T19:53:38Z" finished-at="2020-10-05T19:53:49Z">
          <reporter-output>
          </reporter-output>
        </test-method> <!-- setUp -->
        <test-method status="PASS" signature="clickOnCallsLinkTest()[pri:7, instance:com.crm.qa.testscases.HomePageTest@5f2108b5]" name="clickOnCallsLinkTest" duration-ms="233" started-at="2020-10-05T19:53:49Z" finished-at="2020-10-05T19:53:49Z">
          <reporter-output>
          </reporter-output>
        </test-method> <!-- clickOnCallsLinkTest -->
        <test-method status="PASS" signature="tearDown()[pri:0, instance:com.crm.qa.testscases.HomePageTest@5f2108b5]" name="tearDown" is-config="true" duration-ms="833" started-at="2020-10-05T19:53:49Z" finished-at="2020-10-05T19:53:50Z">
          <reporter-output>
          </reporter-output>
        </test-method> <!-- tearDown -->
        <test-method status="PASS" signature="setUp()[pri:0, instance:com.crm.qa.testscases.HomePageTest@5f2108b5]" name="setUp" is-config="true" duration-ms="9849" started-at="2020-10-05T19:53:50Z" finished-at="2020-10-05T19:54:00Z">
          <reporter-output>
          </reporter-output>
        </test-method> <!-- setUp -->
        <test-method status="PASS" signature="clickOnDocumentsLinkPageTest()[pri:8, instance:com.crm.qa.testscases.HomePageTest@5f2108b5]" name="clickOnDocumentsLinkPageTest" duration-ms="179" started-at="2020-10-05T19:54:00Z" finished-at="2020-10-05T19:54:00Z">
          <reporter-output>
          </reporter-output>
        </test-method> <!-- clickOnDocumentsLinkPageTest -->
        <test-method status="PASS" signature="tearDown()[pri:0, instance:com.crm.qa.testscases.HomePageTest@5f2108b5]" name="tearDown" is-config="true" duration-ms="719" started-at="2020-10-05T19:54:00Z" finished-at="2020-10-05T19:54:01Z">
          <reporter-output>
          </reporter-output>
        </test-method> <!-- tearDown -->
        <test-method status="PASS" signature="setUp()[pri:0, instance:com.crm.qa.testscases.HomePageTest@5f2108b5]" name="setUp" is-config="true" duration-ms="9712" started-at="2020-10-05T19:54:01Z" finished-at="2020-10-05T19:54:11Z">
          <reporter-output>
          </reporter-output>
        </test-method> <!-- setUp -->
        <test-method status="PASS" signature="clickOnEmailLinkPageTest()[pri:9, instance:com.crm.qa.testscases.HomePageTest@5f2108b5]" name="clickOnEmailLinkPageTest" duration-ms="1023" started-at="2020-10-05T19:54:11Z" finished-at="2020-10-05T19:54:12Z">
          <reporter-output>
          </reporter-output>
        </test-method> <!-- clickOnEmailLinkPageTest -->
        <test-method status="PASS" signature="tearDown()[pri:0, instance:com.crm.qa.testscases.HomePageTest@5f2108b5]" name="tearDown" is-config="true" duration-ms="751" started-at="2020-10-05T19:54:12Z" finished-at="2020-10-05T19:54:13Z">
          <reporter-output>
          </reporter-output>
        </test-method> <!-- tearDown -->
        <test-method status="PASS" signature="setUp()[pri:0, instance:com.crm.qa.testscases.HomePageTest@5f2108b5]" name="setUp" is-config="true" duration-ms="10669" started-at="2020-10-05T19:54:13Z" finished-at="2020-10-05T19:54:23Z">
          <reporter-output>
          </reporter-output>
        </test-method> <!-- setUp -->
        <test-method status="PASS" signature="clickOnCampaignLinkPageTest()[pri:10, instance:com.crm.qa.testscases.HomePageTest@5f2108b5]" name="clickOnCampaignLinkPageTest" duration-ms="393" started-at="2020-10-05T19:54:23Z" finished-at="2020-10-05T19:54:24Z">
          <reporter-output>
          </reporter-output>
        </test-method> <!-- clickOnCampaignLinkPageTest -->
        <test-method status="PASS" signature="tearDown()[pri:0, instance:com.crm.qa.testscases.HomePageTest@5f2108b5]" name="tearDown" is-config="true" duration-ms="744" started-at="2020-10-05T19:54:24Z" finished-at="2020-10-05T19:54:24Z">
          <reporter-output>
          </reporter-output>
        </test-method> <!-- tearDown -->
        <test-method status="PASS" signature="setUp()[pri:0, instance:com.crm.qa.testscases.HomePageTest@5f2108b5]" name="setUp" is-config="true" duration-ms="9552" started-at="2020-10-05T19:54:24Z" finished-at="2020-10-05T19:54:34Z">
          <reporter-output>
          </reporter-output>
        </test-method> <!-- setUp -->
        <test-method status="PASS" signature="clickOnFormsPageLinkTest()[pri:11, instance:com.crm.qa.testscases.HomePageTest@5f2108b5]" name="clickOnFormsPageLinkTest" duration-ms="559" started-at="2020-10-05T19:54:34Z" finished-at="2020-10-05T19:54:34Z">
          <reporter-output>
          </reporter-output>
        </test-method> <!-- clickOnFormsPageLinkTest -->
        <test-method status="PASS" signature="tearDown()[pri:0, instance:com.crm.qa.testscases.HomePageTest@5f2108b5]" name="tearDown" is-config="true" duration-ms="1061" started-at="2020-10-05T19:54:34Z" finished-at="2020-10-05T19:54:36Z">
          <reporter-output>
          </reporter-output>
        </test-method> <!-- tearDown -->
      </class> <!-- com.crm.qa.testscases.HomePageTest -->
      <class name="com.crm.qa.testscases.DealsPageTest">
        <test-method status="PASS" signature="setUp()[pri:0, instance:com.crm.qa.testscases.DealsPageTest@1e397ed7]" name="setUp" is-config="true" duration-ms="10888" started-at="2020-10-05T19:49:58Z" finished-at="2020-10-05T19:50:09Z">
          <reporter-output>
          </reporter-output>
        </test-method> <!-- setUp -->
        <test-method status="PASS" signature="clickOnCheckBoxTest()[pri:1, instance:com.crm.qa.testscases.DealsPageTest@1e397ed7]" name="clickOnCheckBoxTest" duration-ms="176" started-at="2020-10-05T19:50:09Z" finished-at="2020-10-05T19:50:09Z">
          <reporter-output>
          </reporter-output>
        </test-method> <!-- clickOnCheckBoxTest -->
        <test-method status="PASS" signature="tearDown()[pri:0, instance:com.crm.qa.testscases.DealsPageTest@1e397ed7]" name="tearDown" is-config="true" duration-ms="749" started-at="2020-10-05T19:50:09Z" finished-at="2020-10-05T19:50:10Z">
          <reporter-output>
          </reporter-output>
        </test-method> <!-- tearDown -->
        <test-method status="PASS" signature="setUp()[pri:0, instance:com.crm.qa.testscases.DealsPageTest@1e397ed7]" name="setUp" is-config="true" duration-ms="11148" started-at="2020-10-05T19:51:45Z" finished-at="2020-10-05T19:51:56Z">
          <reporter-output>
          </reporter-output>
        </test-method> <!-- setUp -->
        <test-method status="PASS" signature="selectDeleteTest()[pri:2, instance:com.crm.qa.testscases.DealsPageTest@1e397ed7]" name="selectDeleteTest" duration-ms="353" started-at="2020-10-05T19:51:56Z" finished-at="2020-10-05T19:51:56Z">
          <reporter-output>
          </reporter-output>
        </test-method> <!-- selectDeleteTest -->
        <test-method status="PASS" signature="tearDown()[pri:0, instance:com.crm.qa.testscases.DealsPageTest@1e397ed7]" name="tearDown" is-config="true" duration-ms="748" started-at="2020-10-05T19:51:56Z" finished-at="2020-10-05T19:51:57Z">
          <reporter-output>
          </reporter-output>
        </test-method> <!-- tearDown -->
      </class> <!-- com.crm.qa.testscases.DealsPageTest -->
      <class name="com.crm.qa.testscases.LoginPageTest">
        <test-method status="PASS" signature="setUp()[pri:0, instance:com.crm.qa.testscases.LoginPageTest@3f49dace]" name="setUp" is-config="true" duration-ms="8134" started-at="2020-10-05T19:49:49Z" finished-at="2020-10-05T19:49:57Z">
          <reporter-output>
          </reporter-output>
        </test-method> <!-- setUp -->
        <test-method status="PASS" signature="loginPageTitleTest()[pri:1, instance:com.crm.qa.testscases.LoginPageTest@3f49dace]" name="loginPageTitleTest" duration-ms="9" started-at="2020-10-05T19:49:57Z" finished-at="2020-10-05T19:49:57Z">
          <reporter-output>
          </reporter-output>
        </test-method> <!-- loginPageTitleTest -->
        <test-method status="PASS" signature="tearDown()[pri:0, instance:com.crm.qa.testscases.LoginPageTest@3f49dace]" name="tearDown" is-config="true" duration-ms="689" started-at="2020-10-05T19:49:57Z" finished-at="2020-10-05T19:49:58Z">
          <reporter-output>
          </reporter-output>
        </test-method> <!-- tearDown -->
        <test-method status="PASS" signature="setUp()[pri:0, instance:com.crm.qa.testscases.LoginPageTest@3f49dace]" name="setUp" is-config="true" duration-ms="7545" started-at="2020-10-05T19:51:35Z" finished-at="2020-10-05T19:51:43Z">
          <reporter-output>
          </reporter-output>
        </test-method> <!-- setUp -->
        <test-method status="PASS" signature="correctUserNameAndCorrectPasswordloginPageTest()[pri:2, instance:com.crm.qa.testscases.LoginPageTest@3f49dace]" name="correctUserNameAndCorrectPasswordloginPageTest" duration-ms="1391" started-at="2020-10-05T19:51:43Z" finished-at="2020-10-05T19:51:44Z">
          <reporter-output>
          </reporter-output>
        </test-method> <!-- correctUserNameAndCorrectPasswordloginPageTest -->
        <test-method status="PASS" signature="tearDown()[pri:0, instance:com.crm.qa.testscases.LoginPageTest@3f49dace]" name="tearDown" is-config="true" duration-ms="696" started-at="2020-10-05T19:51:44Z" finished-at="2020-10-05T19:51:45Z">
          <reporter-output>
          </reporter-output>
        </test-method> <!-- tearDown -->
        <test-method status="PASS" signature="setUp()[pri:0, instance:com.crm.qa.testscases.LoginPageTest@3f49dace]" name="setUp" is-config="true" duration-ms="7996" started-at="2020-10-05T19:52:19Z" finished-at="2020-10-05T19:52:27Z">
          <reporter-output>
          </reporter-output>
        </test-method> <!-- setUp -->
        <test-method status="PASS" signature="incorrectUserNameloginTest()[pri:3, instance:com.crm.qa.testscases.LoginPageTest@3f49dace]" name="incorrectUserNameloginTest" duration-ms="425" started-at="2020-10-05T19:52:27Z" finished-at="2020-10-05T19:52:28Z">
          <reporter-output>
          </reporter-output>
        </test-method> <!-- incorrectUserNameloginTest -->
        <test-method status="PASS" signature="tearDown()[pri:0, instance:com.crm.qa.testscases.LoginPageTest@3f49dace]" name="tearDown" is-config="true" duration-ms="808" started-at="2020-10-05T19:52:28Z" finished-at="2020-10-05T19:52:28Z">
          <reporter-output>
          </reporter-output>
        </test-method> <!-- tearDown -->
        <test-method status="PASS" signature="setUp()[pri:0, instance:com.crm.qa.testscases.LoginPageTest@3f49dace]" name="setUp" is-config="true" duration-ms="8696" started-at="2020-10-05T19:52:52Z" finished-at="2020-10-05T19:53:01Z">
          <reporter-output>
          </reporter-output>
        </test-method> <!-- setUp -->
        <test-method status="PASS" signature="incorrectPasswordloginPageTest()[pri:4, instance:com.crm.qa.testscases.LoginPageTest@3f49dace]" name="incorrectPasswordloginPageTest" duration-ms="476" started-at="2020-10-05T19:53:01Z" finished-at="2020-10-05T19:53:01Z">
          <reporter-output>
          </reporter-output>
        </test-method> <!-- incorrectPasswordloginPageTest -->
        <test-method status="PASS" signature="tearDown()[pri:0, instance:com.crm.qa.testscases.LoginPageTest@3f49dace]" name="tearDown" is-config="true" duration-ms="762" started-at="2020-10-05T19:53:01Z" finished-at="2020-10-05T19:53:02Z">
          <reporter-output>
          </reporter-output>
        </test-method> <!-- tearDown -->
        <test-method status="PASS" signature="setUp()[pri:0, instance:com.crm.qa.testscases.LoginPageTest@3f49dace]" name="setUp" is-config="true" duration-ms="8080" started-at="2020-10-05T19:53:14Z" finished-at="2020-10-05T19:53:22Z">
          <reporter-output>
          </reporter-output>
        </test-method> <!-- setUp -->
        <test-method status="PASS" signature="SignUpPageTest()[pri:5, instance:com.crm.qa.testscases.LoginPageTest@3f49dace]" name="SignUpPageTest" duration-ms="1783" started-at="2020-10-05T19:53:22Z" finished-at="2020-10-05T19:53:24Z">
          <reporter-output>
          </reporter-output>
        </test-method> <!-- SignUpPageTest -->
        <test-method status="PASS" signature="tearDown()[pri:0, instance:com.crm.qa.testscases.LoginPageTest@3f49dace]" name="tearDown" is-config="true" duration-ms="687" started-at="2020-10-05T19:53:24Z" finished-at="2020-10-05T19:53:25Z">
          <reporter-output>
          </reporter-output>
        </test-method> <!-- tearDown -->
      </class> <!-- com.crm.qa.testscases.LoginPageTest -->
      <class name="com.crm.qa.testscases.ContactsPageTest">
        <test-method status="PASS" signature="setUp()[pri:0, instance:com.crm.qa.testscases.ContactsPageTest@31a5c39e]" name="setUp" is-config="true" duration-ms="10753" started-at="2020-10-05T19:49:08Z" finished-at="2020-10-05T19:49:19Z">
          <reporter-output>
          </reporter-output>
        </test-method> <!-- setUp -->
        <test-method status="PASS" signature="createNewContactsTest(java.lang.String, java.lang.String, java.lang.String, java.lang.String)[pri:1, instance:com.crm.qa.testscases.ContactsPageTest@31a5c39e]" name="createNewContactsTest" duration-ms="2168" started-at="2020-10-05T19:49:19Z" data-provider="getCRMTestData" finished-at="2020-10-05T19:49:21Z">
          <params>
            <param index="0">
              <value>
                <![CDATA[matt]]>
              </value>
            </param>
            <param index="1">
              <value>
                <![CDATA[girt]]>
              </value>
            </param>
            <param index="2">
              <value>
                <![CDATA[hose]]>
              </value>
            </param>
            <param index="3">
              <value>
                <![CDATA[google]]>
              </value>
            </param>
          </params>
          <reporter-output>
          </reporter-output>
        </test-method> <!-- createNewContactsTest -->
        <test-method status="PASS" signature="tearDown()[pri:0, instance:com.crm.qa.testscases.ContactsPageTest@31a5c39e]" name="tearDown" is-config="true" duration-ms="733" started-at="2020-10-05T19:49:21Z" finished-at="2020-10-05T19:49:22Z">
          <reporter-output>
          </reporter-output>
        </test-method> <!-- tearDown -->
        <test-method status="PASS" signature="setUp()[pri:0, instance:com.crm.qa.testscases.ContactsPageTest@31a5c39e]" name="setUp" is-config="true" duration-ms="10178" started-at="2020-10-05T19:49:22Z" finished-at="2020-10-05T19:49:32Z">
          <reporter-output>
          </reporter-output>
        </test-method> <!-- setUp -->
        <test-method status="PASS" signature="createNewContactsTest(java.lang.String, java.lang.String, java.lang.String, java.lang.String)[pri:1, instance:com.crm.qa.testscases.ContactsPageTest@31a5c39e]" name="createNewContactsTest" duration-ms="2048" started-at="2020-10-05T19:49:32Z" data-provider="getCRMTestData" finished-at="2020-10-05T19:49:34Z">
          <params>
            <param index="0">
              <value>
                <![CDATA[colin]]>
              </value>
            </param>
            <param index="1">
              <value>
                <![CDATA[munn]]>
              </value>
            </param>
            <param index="2">
              <value>
                <![CDATA[robin]]>
              </value>
            </param>
            <param index="3">
              <value>
                <![CDATA[amazone]]>
              </value>
            </param>
          </params>
          <reporter-output>
          </reporter-output>
        </test-method> <!-- createNewContactsTest -->
        <test-method status="PASS" signature="tearDown()[pri:0, instance:com.crm.qa.testscases.ContactsPageTest@31a5c39e]" name="tearDown" is-config="true" duration-ms="761" started-at="2020-10-05T19:49:34Z" finished-at="2020-10-05T19:49:35Z">
          <reporter-output>
          </reporter-output>
        </test-method> <!-- tearDown -->
        <test-method status="PASS" signature="setUp()[pri:0, instance:com.crm.qa.testscases.ContactsPageTest@31a5c39e]" name="setUp" is-config="true" duration-ms="10617" started-at="2020-10-05T19:49:35Z" finished-at="2020-10-05T19:49:46Z">
          <reporter-output>
          </reporter-output>
        </test-method> <!-- setUp -->
        <test-method status="PASS" signature="createNewContactsTest(java.lang.String, java.lang.String, java.lang.String, java.lang.String)[pri:1, instance:com.crm.qa.testscases.ContactsPageTest@31a5c39e]" name="createNewContactsTest" duration-ms="2589" started-at="2020-10-05T19:49:46Z" data-provider="getCRMTestData" finished-at="2020-10-05T19:49:48Z">
          <params>
            <param index="0">
              <value>
                <![CDATA[mattew]]>
              </value>
            </param>
            <param index="1">
              <value>
                <![CDATA[hayden]]>
              </value>
            </param>
            <param index="2">
              <value>
                <![CDATA[Dominic]]>
              </value>
            </param>
            <param index="3">
              <value>
                <![CDATA[Channel 9]]>
              </value>
            </param>
          </params>
          <reporter-output>
          </reporter-output>
        </test-method> <!-- createNewContactsTest -->
        <test-method status="PASS" signature="tearDown()[pri:0, instance:com.crm.qa.testscases.ContactsPageTest@31a5c39e]" name="tearDown" is-config="true" duration-ms="749" started-at="2020-10-05T19:49:48Z" finished-at="2020-10-05T19:49:49Z">
          <reporter-output>
          </reporter-output>
        </test-method> <!-- tearDown -->
      </class> <!-- com.crm.qa.testscases.ContactsPageTest -->
    </test> <!-- Test -->
  </suite> <!-- Suite -->
</testng-results>
